[2026-01-30T10:59:00.301Z] Extracting ZIPs...
[2026-01-30T10:59:00.506Z] Starting servers...
[2026-01-30T10:59:00.510Z] [4838] Installing dependencies in C:\Users\sivab\OneDrive\Desktop\VR_PROJECT\backend\temp\1769770740295\solution_raw...
[2026-01-30T10:59:10.870Z] [4838] Starting dev server...
[2026-01-30T10:59:18.617Z] [4838] Server ready.
[2026-01-30T10:59:18.620Z] [5422] Installing dependencies in C:\Users\sivab\OneDrive\Desktop\VR_PROJECT\backend\temp\1769770740295\student_raw...
[2026-01-30T10:59:28.312Z] [5422] Starting dev server...
[2026-01-30T10:59:35.055Z] [5422] Server ready.
[2026-01-30T10:59:35.057Z] Capturing Solution Screenshots...
[2026-01-30T10:59:39.893Z] Capturing Student Screenshots...
[2026-01-30T10:59:42.823Z] Comparing...
[2026-01-30T10:59:43.072Z] Error: pixelmatch is not a function
[2026-01-30T11:03:32.037Z] Extracting ZIPs...
[2026-01-30T11:03:32.225Z] Starting servers...
[2026-01-30T11:03:32.227Z] [4784] Installing dependencies in C:\Users\sivab\OneDrive\Desktop\VR_PROJECT\backend\temp\1769771012030\solution_raw...
[2026-01-30T11:03:40.256Z] [4784] Starting dev server...
[2026-01-30T11:03:47.750Z] [4784] Server ready.
[2026-01-30T11:03:47.751Z] [5519] Installing dependencies in C:\Users\sivab\OneDrive\Desktop\VR_PROJECT\backend\temp\1769771012030\student_raw...
[2026-01-30T11:03:55.304Z] [5519] Starting dev server...
[2026-01-30T11:04:01.916Z] [5519] Server ready.
[2026-01-30T11:04:01.917Z] Capturing Solution Screenshots...
[2026-01-30T11:04:05.677Z] Capturing Student Screenshots...
[2026-01-30T11:04:09.644Z] Comparing...
[2026-01-30T11:05:10.067Z] Extracting ZIPs...
[2026-01-30T11:05:10.200Z] Starting servers...
[2026-01-30T11:05:10.202Z] [4121] Installing dependencies in C:\Users\sivab\OneDrive\Desktop\VR_PROJECT\backend\temp\1769771110061\solution_raw...
[2026-01-30T11:05:16.976Z] [4121] Starting dev server...
[2026-01-30T11:05:24.248Z] [4121] Server ready.
[2026-01-30T11:05:24.250Z] [5001] Installing dependencies in C:\Users\sivab\OneDrive\Desktop\VR_PROJECT\backend\temp\1769771110061\student_raw...
[2026-01-30T11:05:38.562Z] [5001] Starting dev server...
[2026-01-30T11:05:40.678Z] [5001] Server ready.
[2026-01-30T11:05:40.689Z] Capturing Solution Screenshots...
[2026-01-30T11:05:44.149Z] Capturing Student Screenshots...
[2026-01-30T11:05:46.826Z] Comparing...
[2026-01-30T11:25:57.571Z] Extracting ZIPs...
[2026-01-30T11:25:57.797Z] Starting servers...
[2026-01-30T11:25:57.800Z] [4738] Installing dependencies in C:\Users\sivab\OneDrive\Desktop\VR_PROJECT\backend\temp\1769772357552\solution_raw...
[2026-01-30T11:26:06.062Z] [4738] Starting dev server...
[2026-01-30T11:26:09.537Z] [4738] Server ready.
[2026-01-30T11:26:09.540Z] [5635] Installing dependencies in C:\Users\sivab\OneDrive\Desktop\VR_PROJECT\backend\temp\1769772357552\student_raw...
[2026-01-30T11:26:19.643Z] [5635] Starting dev server...
[2026-01-30T11:26:22.010Z] [5635] Server ready.
[2026-01-30T11:26:22.022Z] Capturing Solution Screenshots...
[2026-01-30T11:26:27.006Z] Capturing Student Screenshots...
[2026-01-30T11:26:29.950Z] Comparing...
[2026-01-30T11:28:15.257Z] Extracting ZIPs...
[2026-01-30T11:28:15.443Z] Starting servers...
[2026-01-30T11:28:15.445Z] [4561] Installing dependencies in C:\Users\sivab\OneDrive\Desktop\VR_PROJECT\backend\temp\1769772495246\solution_raw...
[2026-01-30T11:28:22.430Z] [4561] Starting dev server...
[2026-01-30T11:28:25.528Z] [4561] Server ready.
[2026-01-30T11:28:25.530Z] [5037] Installing dependencies in C:\Users\sivab\OneDrive\Desktop\VR_PROJECT\backend\temp\1769772495246\student_raw...
[2026-01-30T11:28:31.900Z] [5037] Starting dev server...
[2026-01-30T11:28:34.137Z] [5037] Server ready.
[2026-01-30T11:28:34.139Z] Capturing Solution Screenshots...
[2026-01-30T11:28:37.922Z] Capturing Student Screenshots...
[2026-01-30T11:28:40.831Z] Comparing...
[2026-01-30T11:30:36.754Z] Extracting ZIPs...
[2026-01-30T11:31:06.544Z] Starting servers...
[2026-01-30T11:31:06.548Z] [4001] Installing dependencies in C:\Users\sivab\OneDrive\Desktop\VR_PROJECT\backend\temp\1769772636748\solution_raw...
[2026-01-30T11:31:13.745Z] [4001] Starting dev server...
[2026-01-30T11:31:15.896Z] [4001] Server ready.
[2026-01-30T11:31:15.896Z] [5511] Installing dependencies in C:\Users\sivab\OneDrive\Desktop\VR_PROJECT\backend\temp\1769772636748\student_raw\CounterApp...
[2026-01-30T11:31:18.380Z] [5511] Starting dev server...
[2026-01-30T11:31:20.463Z] [5511] Server ready.
[2026-01-30T11:31:20.464Z] Capturing Solution Screenshots...
[2026-01-30T11:31:24.064Z] Capturing Student Screenshots...
[2026-01-30T11:31:32.511Z] Comparing...
[2026-01-30T11:32:45.426Z] Extracting ZIPs...
[2026-01-30T11:33:19.962Z] Starting servers...
[2026-01-30T11:33:19.964Z] [4830] Installing dependencies in C:\Users\sivab\OneDrive\Desktop\VR_PROJECT\backend\temp\1769772765420\solution_raw\CounterApp...
[2026-01-30T11:33:22.304Z] [4830] Starting dev server...
[2026-01-30T11:33:26.502Z] [4830] Server ready.
[2026-01-30T11:33:26.541Z] [5284] Installing dependencies in C:\Users\sivab\OneDrive\Desktop\VR_PROJECT\backend\temp\1769772765420\student_raw...
[2026-01-30T11:33:32.474Z] [5284] Starting dev server...
[2026-01-30T11:33:34.563Z] [5284] Server ready.
[2026-01-30T11:33:34.564Z] Capturing Solution Screenshots...
[2026-01-30T11:33:39.880Z] Capturing Student Screenshots...
[2026-01-30T11:33:42.716Z] Comparing...
[2026-01-30T11:34:50.209Z] Extracting ZIPs...
[2026-01-30T11:35:37.660Z] Starting servers...
[2026-01-30T11:35:37.663Z] [4490] Installing dependencies in C:\Users\sivab\OneDrive\Desktop\VR_PROJECT\backend\temp\1769772890194\solution_raw\CounterApp...
[2026-01-30T11:35:39.980Z] [4490] Starting dev server...
[2026-01-30T11:35:44.135Z] [4490] Server ready.
[2026-01-30T11:35:44.138Z] [5868] Installing dependencies in C:\Users\sivab\OneDrive\Desktop\VR_PROJECT\backend\temp\1769772890194\student_raw\CounterApp...
[2026-01-30T11:35:47.085Z] [5868] Starting dev server...
[2026-01-30T11:35:49.168Z] [5868] Server ready.
[2026-01-30T11:35:49.169Z] Capturing Solution Screenshots...
[2026-01-30T11:35:54.622Z] Capturing Student Screenshots...
[2026-01-30T11:35:58.082Z] Comparing...
[2026-01-30T11:45:16.952Z] Extracting ZIPs...
[2026-01-30T11:45:17.229Z] Error: No React project root (package.json) found in C:\Users\sivab\OneDrive\Desktop\VR_PROJECT\backend\temp\1769773516942\solution_raw (scanned top-level and 1-deep)
[2026-01-30T11:47:39.208Z] Extracting ZIPs...
[2026-01-30T11:48:01.255Z] Starting servers...
[2026-01-30T11:48:01.257Z] [4370] Installing dependencies in C:\Users\sivab\OneDrive\Desktop\VR_PROJECT\backend\temp\1769773659205\solution_raw\CounterApp...
[2026-01-30T11:48:04.029Z] [4370] Starting dev server...
[2026-01-30T11:48:08.186Z] [4370] Server ready.
[2026-01-30T11:48:08.196Z] [5475] Installing dependencies in C:\Users\sivab\OneDrive\Desktop\VR_PROJECT\backend\temp\1769773659205\student_raw...
[2026-01-30T11:48:16.228Z] [5475] Starting dev server...
[2026-01-30T11:48:19.488Z] [5475] Server ready.
[2026-01-30T11:48:19.493Z] Capturing Solution Screenshots...
[2026-01-30T11:48:28.305Z] Capturing Student Screenshots...
[2026-01-30T11:48:31.005Z] Comparing...
[2026-01-30T12:02:51.804Z] Extracting ZIPs...
[2026-01-30T12:03:24.667Z] Starting servers...
[2026-01-30T12:03:24.669Z] [4939] Installing dependencies in C:\Users\sivab\OneDrive\Desktop\VR_PROJECT\backend\temp\1769774571797\solution_raw...
[2026-01-30T12:03:31.520Z] [4939] Starting dev server...
[2026-01-30T12:03:34.775Z] [4939] Server ready.
[2026-01-30T12:03:34.778Z] [5886] Installing dependencies in C:\Users\sivab\OneDrive\Desktop\VR_PROJECT\backend\temp\1769774571797\student_raw\CounterApp...
[2026-01-30T12:03:37.321Z] [5886] Starting dev server...
[2026-01-30T12:03:39.406Z] [5886] Server ready.
[2026-01-30T12:03:39.407Z] Capturing Solution Screenshots...
[2026-01-30T12:03:43.032Z] Capturing Student Screenshots...
[2026-01-30T12:03:51.413Z] Comparing...
[2026-01-30T12:05:29.010Z] Extracting ZIPs...
[2026-01-30T12:05:57.283Z] Starting servers...
[2026-01-30T12:05:57.286Z] [4451] Installing dependencies in C:\Users\sivab\OneDrive\Desktop\VR_PROJECT\backend\temp\1769774729004\solution_raw\CounterApp...
[2026-01-30T12:05:59.640Z] [4451] Starting dev server...
[2026-01-30T12:06:02.763Z] [4451] Server ready.
[2026-01-30T12:06:02.780Z] [5668] Installing dependencies in C:\Users\sivab\OneDrive\Desktop\VR_PROJECT\backend\temp\1769774729004\student_raw...
[2026-01-30T12:06:09.774Z] [5668] Starting dev server...
[2026-01-30T12:06:11.908Z] [5668] Server ready.
[2026-01-30T12:06:11.914Z] Capturing Solution Screenshots...
[2026-01-30T12:06:17.921Z] Capturing Student Screenshots...
[2026-01-30T12:06:21.061Z] Comparing...
[2026-01-30T12:06:48.834Z] Extracting ZIPs...
[2026-01-30T12:07:21.227Z] Starting servers...
[2026-01-30T12:07:21.228Z] [4915] Installing dependencies in C:\Users\sivab\OneDrive\Desktop\VR_PROJECT\backend\temp\1769774808822\solution_raw...
[2026-01-30T12:07:29.361Z] [4915] Starting dev server...
[2026-01-30T12:07:32.479Z] [4915] Server ready.
[2026-01-30T12:07:32.482Z] [5311] Installing dependencies in C:\Users\sivab\OneDrive\Desktop\VR_PROJECT\backend\temp\1769774808822\student_raw\CounterApp...
[2026-01-30T12:07:34.874Z] [5311] Starting dev server...
[2026-01-30T12:07:36.964Z] [5311] Server ready.
[2026-01-30T12:07:36.965Z] Capturing Solution Screenshots...
[2026-01-30T12:07:40.342Z] Capturing Student Screenshots...
[2026-01-30T12:07:44.133Z] Comparing...
[2026-01-30T12:08:35.691Z] Extracting ZIPs...
[2026-01-30T12:09:38.470Z] Starting servers...
[2026-01-30T12:09:38.474Z] [4017] Installing dependencies in C:\Users\sivab\OneDrive\Desktop\VR_PROJECT\backend\temp\1769774915681\solution_raw\CounterApp...
[2026-01-30T12:09:40.726Z] [4017] Starting dev server...
[2026-01-30T12:09:43.843Z] [4017] Server ready.
[2026-01-30T12:09:43.844Z] [5470] Installing dependencies in C:\Users\sivab\OneDrive\Desktop\VR_PROJECT\backend\temp\1769774915681\student_raw\CounterApp...
[2026-01-30T12:09:46.163Z] [5470] Starting dev server...
[2026-01-30T12:09:48.244Z] [5470] Server ready.
[2026-01-30T12:09:48.246Z] Capturing Solution Screenshots...
[2026-01-30T12:09:53.451Z] Capturing Student Screenshots...
[2026-01-30T12:09:57.459Z] Comparing...
[2026-01-30T12:16:42.581Z] Extracting ZIPs...
[2026-01-30T12:16:42.863Z] Starting servers...
[2026-01-30T12:16:42.865Z] [4369] Installing dependencies in C:\Users\sivab\OneDrive\Desktop\VR_PROJECT\backend\temp\1769775402561\solution_raw...
[2026-01-30T12:17:01.280Z] [4369] Starting dev server...
[2026-01-30T12:17:05.072Z] [4369] Server ready.
[2026-01-30T12:17:05.073Z] [5777] Installing dependencies in C:\Users\sivab\OneDrive\Desktop\VR_PROJECT\backend\temp\1769775402561\student_raw...
[2026-01-30T12:17:13.831Z] [5777] Starting dev server...
[2026-01-30T12:17:15.972Z] [5777] Server ready.
[2026-01-30T12:17:15.973Z] Capturing Solution Screenshots...
[2026-01-30T12:17:20.439Z] Capturing Student Screenshots...
[2026-01-30T12:17:23.706Z] Comparing...
[2026-01-30T12:19:24.395Z] Extracting ZIPs...
[2026-01-30T12:19:24.604Z] Starting servers...
[2026-01-30T12:19:24.610Z] [4398] Installing dependencies in C:\Users\sivab\OneDrive\Desktop\VR_PROJECT\backend\temp\1769775564381\solution_raw...
[2026-01-30T12:19:56.506Z] [4398] Starting dev server...
[2026-01-30T12:20:00.850Z] [4398] Server ready.
[2026-01-30T12:20:00.851Z] [5684] Installing dependencies in C:\Users\sivab\OneDrive\Desktop\VR_PROJECT\backend\temp\1769775564381\student_raw...
[2026-01-30T12:20:12.172Z] [5684] Starting dev server...
[2026-01-30T12:20:14.902Z] [5684] Server ready.
[2026-01-30T12:20:14.918Z] Capturing Solution Screenshots...
[2026-01-30T12:20:22.733Z] Capturing Student Screenshots...
[2026-01-30T12:20:27.124Z] Comparing...
[2026-01-30T12:24:55.398Z] Extracting ZIPs...
[2026-01-30T12:24:55.840Z] Starting servers...
[2026-01-30T12:24:55.843Z] [4323] Installing dependencies in C:\Users\sivab\OneDrive\Desktop\VR_PROJECT\backend\temp\1769775895377\solution_raw...
[2026-01-30T12:25:09.598Z] [4323] Starting dev server...
[2026-01-30T12:25:14.124Z] [4323] Server ready.
[2026-01-30T12:25:14.127Z] [5162] Installing dependencies in C:\Users\sivab\OneDrive\Desktop\VR_PROJECT\backend\temp\1769775895377\student_raw...
[2026-01-30T12:25:27.416Z] [5162] Starting dev server...
[2026-01-30T12:25:30.912Z] [5162] Server ready.
[2026-01-30T12:25:30.915Z] Capturing Solution Screenshots...
[2026-01-30T12:25:35.483Z] Capturing Student Screenshots...
[2026-01-30T12:25:38.546Z] Comparing...
[2026-01-30T12:28:48.289Z] Extracting ZIPs...
[2026-01-30T12:28:48.545Z] Starting servers...
[2026-01-30T12:28:48.547Z] [4458] Installing dependencies in C:\Users\sivab\OneDrive\Desktop\VR_PROJECT\backend\temp\1769776128277\solution_raw...
[2026-01-30T12:29:06.322Z] [4458] Starting dev server...
[2026-01-30T12:29:09.691Z] [4458] Server ready.
[2026-01-30T12:29:09.695Z] [5805] Installing dependencies in C:\Users\sivab\OneDrive\Desktop\VR_PROJECT\backend\temp\1769776128277\student_raw...
[2026-01-30T12:29:24.278Z] [5805] Starting dev server...
[2026-01-30T12:29:27.485Z] [5805] Server ready.
[2026-01-30T12:29:27.487Z] Capturing Solution Screenshots...
[2026-01-30T12:29:33.388Z] Capturing Student Screenshots...
[2026-01-30T12:29:36.534Z] Comparing...
[2026-01-30T12:31:38.289Z] Extracting ZIPs...
[2026-01-30T12:31:38.383Z] Starting servers...
[2026-01-30T12:31:38.384Z] [4427] Installing dependencies in C:\Users\sivab\OneDrive\Desktop\VR_PROJECT\backend\temp\1769776298286\solution_raw...
[2026-01-30T12:31:43.888Z] [4427] Starting dev server...
[2026-01-30T12:31:47.229Z] [4427] Server ready.
[2026-01-30T12:31:47.230Z] [5806] Installing dependencies in C:\Users\sivab\OneDrive\Desktop\VR_PROJECT\backend\temp\1769776298286\student_raw...
[2026-01-30T12:31:54.259Z] [5806] Starting dev server...
[2026-01-30T12:31:57.587Z] [5806] Server ready.
[2026-01-30T12:31:57.589Z] Capturing Solution Screenshots...
[2026-01-30T12:32:01.202Z] Capturing Student Screenshots...
[2026-01-30T12:32:03.993Z] Comparing...
[2026-01-30T12:33:13.761Z] Extracting ZIPs...
[2026-01-30T12:33:44.999Z] Starting servers...
[2026-01-30T12:33:45.025Z] [4356] Installing dependencies in C:\Users\sivab\OneDrive\Desktop\VR_PROJECT\backend\temp\1769776393758\solution_raw...
[2026-01-30T12:33:59.122Z] [4356] Starting dev server...
[2026-01-30T12:34:04.522Z] [4356] Server ready.
[2026-01-30T12:34:04.532Z] [5149] Installing dependencies in C:\Users\sivab\OneDrive\Desktop\VR_PROJECT\backend\temp\1769776393758\student_raw\CounterApp...
[2026-01-30T12:34:09.896Z] [5149] Starting dev server...
[2026-01-30T12:34:13.009Z] [5149] Server ready.
[2026-01-30T12:34:13.009Z] Capturing Solution Screenshots...
[2026-01-30T12:34:17.669Z] Capturing Student Screenshots...
[2026-01-30T12:34:26.926Z] Comparing...
[2026-01-30T13:02:25.024Z] Extracting ZIPs...
[2026-01-30T13:02:25.252Z] Starting servers...
[2026-01-30T13:02:25.255Z] [4912] Installing dependencies in C:\Users\sivab\OneDrive\Desktop\VR_PROJECT\backend\temp\1769778145014\solution_raw...
[2026-01-30T13:02:37.716Z] [4912] Starting dev server...
[2026-01-30T13:02:42.017Z] [4912] Server ready.
[2026-01-30T13:02:42.019Z] [5007] Installing dependencies in C:\Users\sivab\OneDrive\Desktop\VR_PROJECT\backend\temp\1769778145014\student_raw...
[2026-01-30T13:02:50.028Z] [5007] Starting dev server...
[2026-01-30T13:02:52.611Z] [5007] Server ready.
[2026-01-30T13:02:52.613Z] Capturing Solution Screenshots...
[2026-01-30T13:02:58.612Z] Capturing Student Screenshots...
[2026-01-30T13:03:01.804Z] Comparing...
[2026-01-30T13:03:35.439Z] Extracting ZIPs...
[2026-01-30T13:04:14.133Z] Starting servers...
[2026-01-30T13:04:14.135Z] [4747] Installing dependencies in C:\Users\sivab\OneDrive\Desktop\VR_PROJECT\backend\temp\1769778215434\solution_raw\CounterApp...
[2026-01-30T13:04:17.484Z] [4747] Starting dev server...
[2026-01-30T13:04:21.746Z] [4747] Server ready.
[2026-01-30T13:04:21.748Z] [5601] Installing dependencies in C:\Users\sivab\OneDrive\Desktop\VR_PROJECT\backend\temp\1769778215434\student_raw...
[2026-01-30T13:04:36.684Z] [5601] Starting dev server...
[2026-01-30T13:04:40.150Z] [5601] Server ready.
[2026-01-30T13:04:40.151Z] Capturing Solution Screenshots...
[2026-01-30T13:04:52.034Z] Capturing Student Screenshots...
[2026-01-30T13:04:55.333Z] Comparing...
[2026-01-30T13:09:59.113Z] Extracting ZIPs...
[2026-01-30T13:09:59.353Z] Starting servers...
[2026-01-30T13:09:59.356Z] [4067] Installing dependencies in C:\Users\sivab\OneDrive\Desktop\VR_PROJECT\backend\temp\1769778599106\solution_raw...
[2026-01-30T13:10:11.868Z] [4067] Starting dev server...
[2026-01-30T13:10:15.072Z] [4067] Server ready.
[2026-01-30T13:10:15.074Z] [5562] Installing dependencies in C:\Users\sivab\OneDrive\Desktop\VR_PROJECT\backend\temp\1769778599106\student_raw\PocketNoteBook---Vite-main...
[2026-01-30T13:10:22.535Z] [5562] Starting dev server...
[2026-01-30T13:10:24.697Z] [5562] Server ready.
[2026-01-30T13:10:24.698Z] Capturing Solution Screenshots...
[2026-01-30T13:10:28.512Z] Capturing Student Screenshots...
[2026-01-30T13:10:31.768Z] Comparing...
[2026-01-31T03:37:42.568Z] Extracting ZIPs...
[2026-01-31T03:38:09.338Z] Starting servers...
[2026-01-31T03:38:09.353Z] [4029] Installing dependencies in C:\Users\sivab\OneDrive\Desktop\VR_PROJECT\backend\temp\1769830662561\solution_raw...
[2026-01-31T03:38:20.880Z] [4029] Starting dev server...
[2026-01-31T03:38:24.580Z] [4029] Server ready.
[2026-01-31T03:38:24.583Z] [5431] Installing dependencies in C:\Users\sivab\OneDrive\Desktop\VR_PROJECT\backend\temp\1769830662561\student_raw\CounterApp...
[2026-01-31T03:38:27.581Z] [5431] Starting dev server...
[2026-01-31T03:38:29.688Z] [5431] Server ready.
[2026-01-31T03:38:29.688Z] Capturing Solution Screenshots...
[2026-01-31T03:38:34.715Z] Capturing Student Screenshots...
[2026-01-31T03:38:42.486Z] Comparing...
[2026-01-31T04:55:19.189Z] Extracting ZIPs...
[2026-01-31T04:56:41.900Z] Starting servers...
[2026-01-31T04:56:41.922Z] [4887] Installing dependencies in C:\Users\sivab\OneDrive\Desktop\VR_PROJECT\backend\temp\1769835319181\solution_raw\CounterApp...
[2026-01-31T04:56:44.332Z] Extracting ZIPs...
[2026-01-31T04:58:12.149Z] [4887] Starting dev server...
[2026-01-31T04:58:12.245Z] Starting servers...
[2026-01-31T04:58:12.246Z] [4972] Installing dependencies in C:\Users\sivab\OneDrive\Desktop\VR_PROJECT\backend\temp\1769835404242\solution_raw\CounterApp...
[2026-01-31T04:58:17.091Z] [4972] Starting dev server...
[2026-01-31T04:58:17.528Z] [4887] Server ready.
[2026-01-31T04:58:17.532Z] [5278] Installing dependencies in C:\Users\sivab\OneDrive\Desktop\VR_PROJECT\backend\temp\1769835319181\student_raw\CounterApp...
[2026-01-31T04:58:22.302Z] [4972] Server ready.
[2026-01-31T04:58:22.305Z] [5759] Installing dependencies in C:\Users\sivab\OneDrive\Desktop\VR_PROJECT\backend\temp\1769835404242\student_raw\CounterApp...
[2026-01-31T04:58:22.481Z] [5278] Starting dev server...
[2026-01-31T04:58:25.655Z] [5278] Server ready.
[2026-01-31T04:58:25.659Z] Capturing Solution Screenshots...
[2026-01-31T04:58:28.349Z] [5759] Starting dev server...
[2026-01-31T04:58:31.533Z] [5759] Server ready.
[2026-01-31T04:58:31.534Z] Capturing Solution Screenshots...
[2026-01-31T04:58:35.517Z] Capturing Student Screenshots...
[2026-01-31T04:58:35.704Z] Capturing Student Screenshots...
[2026-01-31T04:58:39.639Z] Comparing...
[2026-01-31T04:58:39.643Z] Checking files exist...
[2026-01-31T04:58:39.645Z] Reading img1: C:\Users\sivab\OneDrive\Desktop\VR_PROJECT\backend\temp\1769835319181\solution\screenshots\index.png
[2026-01-31T04:58:39.831Z] Reading img2: C:\Users\sivab\OneDrive\Desktop\VR_PROJECT\backend\temp\1769835319181\student\screenshots\index.png
[2026-01-31T04:58:39.946Z] Image dimensions: 1280x720
[2026-01-31T04:58:39.960Z] Running pixelmatch...
[2026-01-31T04:58:40.008Z] Similarity calculated: 100.00%
[2026-01-31T04:58:40.009Z] Comparison complete. Results: {"Home Page":{"score":"100.00%","solutionImage":"http://localhost:3000/temp/1769835319181/solution/screenshots/index.png","studentImage":"http://localhost:3000/temp/1769835319181/student/screenshots/index.png"},"overall":"100.00%"}
[2026-01-31T04:58:40.111Z] Comparing...
[2026-01-31T04:58:40.113Z] Checking files exist...
[2026-01-31T04:58:40.123Z] Reading img1: C:\Users\sivab\OneDrive\Desktop\VR_PROJECT\backend\temp\1769835404242\solution\screenshots\index.png
[2026-01-31T04:58:40.222Z] Reading img2: C:\Users\sivab\OneDrive\Desktop\VR_PROJECT\backend\temp\1769835404242\student\screenshots\index.png
[2026-01-31T04:58:40.322Z] Image dimensions: 1280x720
[2026-01-31T04:58:40.325Z] Running pixelmatch...
[2026-01-31T04:58:40.354Z] Similarity calculated: 100.00%
[2026-01-31T04:58:40.357Z] Comparison complete. Results: {"Home Page":{"score":"100.00%","solutionImage":"http://localhost:3000/temp/1769835404242/solution/screenshots/index.png","studentImage":"http://localhost:3000/temp/1769835404242/student/screenshots/index.png"},"overall":"100.00%"}
[2026-01-31T05:01:25.584Z] Extracting ZIPs...
[2026-01-31T05:02:04.282Z] Starting servers...
[2026-01-31T05:02:04.284Z] [4554] Installing dependencies in C:\Users\sivab\OneDrive\Desktop\VR_PROJECT\backend\temp\1769835685577\solution_raw...
[2026-01-31T05:02:18.799Z] [4554] Starting dev server...
[2026-01-31T05:02:21.913Z] [4554] Server ready.
[2026-01-31T05:02:21.915Z] [5894] Installing dependencies in C:\Users\sivab\OneDrive\Desktop\VR_PROJECT\backend\temp\1769835685577\student_raw\CounterApp...
[2026-01-31T05:02:24.750Z] [5894] Starting dev server...
[2026-01-31T05:02:26.827Z] [5894] Server ready.
[2026-01-31T05:02:26.828Z] Capturing Solution Screenshots...
[2026-01-31T05:02:29.513Z] Capturing Student Screenshots...
[2026-01-31T05:02:31.627Z] Comparing...
[2026-01-31T05:02:31.628Z] Checking files exist...
[2026-01-31T05:02:31.630Z] Reading img1: C:\Users\sivab\OneDrive\Desktop\VR_PROJECT\backend\temp\1769835685577\solution\screenshots\index.png
[2026-01-31T05:02:31.779Z] Reading img2: C:\Users\sivab\OneDrive\Desktop\VR_PROJECT\backend\temp\1769835685577\student\screenshots\index.png
[2026-01-31T05:02:31.887Z] Image dimensions: 1280x720
[2026-01-31T05:02:31.890Z] Running pixelmatch...
[2026-01-31T05:02:32.706Z] Similarity calculated: 10.07%
[2026-01-31T05:02:32.707Z] Comparison complete. Results: {"Home Page":{"score":"10.07%","solutionImage":"http://localhost:3000/temp/1769835685577/solution/screenshots/index.png","studentImage":"http://localhost:3000/temp/1769835685577/student/screenshots/index.png"},"overall":"10.07%"}
[2026-01-31T05:11:22.036Z] Extracting ZIPs...
[2026-01-31T05:12:25.363Z] Starting servers...
[2026-01-31T05:12:25.378Z] [4306] Installing dependencies in C:\Users\sivab\OneDrive\Desktop\VR_PROJECT\backend\temp\1769836282029\solution_raw...
[2026-01-31T05:12:51.249Z] [4306] Starting dev server...
[2026-01-31T05:12:56.919Z] [4306] Server ready.
[2026-01-31T05:12:56.925Z] [5775] Installing dependencies in C:\Users\sivab\OneDrive\Desktop\VR_PROJECT\backend\temp\1769836282029\student_raw\CounterApp...
[2026-01-31T05:13:01.907Z] [5775] Starting dev server...
[2026-01-31T05:13:05.133Z] [5775] Server ready.
[2026-01-31T05:13:05.140Z] Capturing Solution Screenshots...
[2026-01-31T05:13:11.664Z] Capturing Student Screenshots...
[2026-01-31T05:13:17.927Z] Comparing...
[2026-01-31T05:13:17.929Z] Checking files exist...
[2026-01-31T05:13:17.931Z] Reading img1: C:\Users\sivab\OneDrive\Desktop\VR_PROJECT\backend\temp\1769836282029\solution\screenshots\index.png
[2026-01-31T05:13:18.175Z] Reading img2: C:\Users\sivab\OneDrive\Desktop\VR_PROJECT\backend\temp\1769836282029\student\screenshots\index.png
[2026-01-31T05:13:18.490Z] Image dimensions: 1280x720
[2026-01-31T05:13:18.493Z] Running pixelmatch...
[2026-01-31T05:13:19.516Z] Similarity calculated: 10.07%
[2026-01-31T05:13:19.522Z] Comparison complete. Timings: {"extraction":"63.31s","rootDetection":"0.02s","serverStartup":"39.78s","screenshotCapture":"12.79s","imageComparison":"1.59s","overall":"117.49s"}
[2026-01-31T05:23:00.477Z] Extracting ZIPs...
[2026-01-31T05:23:00.946Z] Error: No React project root (package.json) found in C:\Users\sivab\OneDrive\Desktop\VR_PROJECT\backend\temp\1769836980455\student_raw (scanned top-level and 1-deep)
[2026-01-31T05:26:21.211Z] Extracting ZIPs...
[2026-01-31T05:26:21.423Z] Starting servers...
[2026-01-31T05:26:21.426Z] [4524] Installing dependencies in C:\Users\sivab\OneDrive\Desktop\VR_PROJECT\backend\temp\1769837181202\solution_raw...
[2026-01-31T05:26:34.608Z] [4524] Starting dev server...
[2026-01-31T05:26:40.207Z] [4524] Server ready.
[2026-01-31T05:26:40.212Z] [5731] Installing dependencies in C:\Users\sivab\OneDrive\Desktop\VR_PROJECT\backend\temp\1769837181202\student_raw\CounterApp...
[2026-01-31T05:27:14.445Z] [5731] Starting dev server...
[2026-01-31T05:27:19.127Z] [5731] Server ready.
[2026-01-31T05:27:19.130Z] Capturing Solution Screenshots...
[2026-01-31T05:27:25.796Z] Capturing Student Screenshots...
[2026-01-31T05:27:32.946Z] Comparing...
[2026-01-31T05:27:32.948Z] Checking files exist...
[2026-01-31T05:27:32.950Z] Reading img1: C:\Users\sivab\OneDrive\Desktop\VR_PROJECT\backend\temp\1769837181202\solution\screenshots\index.png
[2026-01-31T05:27:33.424Z] Reading img2: C:\Users\sivab\OneDrive\Desktop\VR_PROJECT\backend\temp\1769837181202\student\screenshots\index.png
[2026-01-31T05:27:33.607Z] Image dimensions: 1280x720
[2026-01-31T05:27:33.613Z] Running pixelmatch...
[2026-01-31T05:27:35.374Z] Similarity calculated: 10.07%
[2026-01-31T05:27:35.381Z] Comparison complete. Timings: {"extraction":"0.21s","rootDetection":"0.00s","serverStartup":"57.70s","screenshotCapture":"13.82s","imageComparison":"2.44s","overall":"74.17s"}
[2026-01-31T05:38:07.965Z] Extracting ZIPs...
[2026-01-31T05:38:08.320Z] Starting servers in parallel...
[2026-01-31T05:38:08.324Z] [4608] Installing dependencies in C:\Users\sivab\OneDrive\Desktop\VR_PROJECT\backend\temp\1769837887947\solution_raw\CounterApp...
[2026-01-31T05:38:08.375Z] [5037] Installing dependencies in C:\Users\sivab\OneDrive\Desktop\VR_PROJECT\backend\temp\1769837887947\student_raw\CounterApp...
[2026-01-31T05:38:54.836Z] [4608] Starting dev server...
[2026-01-31T05:38:56.188Z] [5037] Starting dev server...
[2026-01-31T05:38:59.590Z] [4608] Server ready.
[2026-01-31T05:39:00.618Z] [5037] Server ready.
[2026-01-31T05:39:00.624Z] Capturing Solution Screenshots...
[2026-01-31T05:39:14.706Z] Capturing Student Screenshots...
[2026-01-31T05:39:26.338Z] Comparing...
[2026-01-31T05:39:26.340Z] Checking files exist...
[2026-01-31T05:39:26.341Z] Reading img1: C:\Users\sivab\OneDrive\Desktop\VR_PROJECT\backend\temp\1769837887947\solution\screenshots\index.png
[2026-01-31T05:39:26.756Z] Reading img2: C:\Users\sivab\OneDrive\Desktop\VR_PROJECT\backend\temp\1769837887947\student\screenshots\index.png
[2026-01-31T05:39:26.945Z] Image dimensions: 1280x720
[2026-01-31T05:39:26.952Z] Running pixelmatch...
[2026-01-31T05:39:27.093Z] Similarity calculated: 100.00%
[2026-01-31T05:39:27.096Z] Comparison complete. Timings: {"extraction":"0.35s","rootDetection":"0.01s","serverStartup":"52.31s","screenshotCapture":"25.71s","imageComparison":"0.76s","overall":"79.13s"}
[2026-01-31T05:46:35.778Z] Extracting ZIPs...
[2026-01-31T05:46:35.920Z] Starting servers in parallel...
[2026-01-31T05:46:35.922Z] [4315] Using shared node_modules for speed...
[2026-01-31T05:46:35.924Z] [5577] Using shared node_modules for speed...
[2026-01-31T05:46:35.941Z] [4315] Starting dev server...
[2026-01-31T05:46:36.031Z] [5577] Starting dev server...
[2026-01-31T05:46:40.277Z] [4315] Server ready.
[2026-01-31T05:46:40.411Z] [5577] Server ready.
[2026-01-31T05:46:40.413Z] Capturing Solution Screenshots...
[2026-01-31T05:46:45.066Z] Capturing Student Screenshots...
[2026-01-31T05:46:46.845Z] Comparing...
[2026-01-31T05:46:46.846Z] Checking files exist...
[2026-01-31T05:46:46.847Z] Reading img1: C:\Users\sivab\OneDrive\Desktop\VR_PROJECT\backend\temp\1769838395770\solution\screenshots\index.png
[2026-01-31T05:46:47.010Z] Reading img2: C:\Users\sivab\OneDrive\Desktop\VR_PROJECT\backend\temp\1769838395770\student\screenshots\index.png
[2026-01-31T05:46:47.093Z] Image dimensions: 1280x720
[2026-01-31T05:46:47.108Z] Running pixelmatch...
[2026-01-31T05:46:47.502Z] Similarity calculated: 10.07%
[2026-01-31T05:46:47.505Z] Comparison complete. Timings: {"extraction":"0.14s","rootDetection":"0.00s","serverStartup":"4.49s","screenshotCapture":"6.43s","imageComparison":"0.66s","overall":"11.73s"}
[2026-01-31T06:01:19.463Z] Extracting ZIPs...
[2026-01-31T06:01:19.632Z] Starting servers in parallel...
[2026-01-31T06:01:19.633Z] [4759] Using shared node_modules for speed...
[2026-01-31T06:01:19.634Z] [5907] Using shared node_modules for speed...
[2026-01-31T06:01:19.640Z] [5907] Starting dev server...
[2026-01-31T06:01:19.700Z] [4759] Starting dev server...
[2026-01-31T06:01:25.969Z] [5907] Server ready.
[2026-01-31T06:02:20.552Z] [4759] Server startup timed out
[2026-01-31T06:02:20.557Z] Error: Timeout
[2026-01-31T06:02:27.453Z] Extracting ZIPs...
[2026-01-31T06:02:27.577Z] Starting servers in parallel...
[2026-01-31T06:02:27.579Z] [4614] Using shared node_modules for speed...
[2026-01-31T06:02:27.580Z] [5062] Using shared node_modules for speed...
[2026-01-31T06:02:27.582Z] [5062] Starting dev server...
[2026-01-31T06:02:27.607Z] [4614] Starting dev server...
[2026-01-31T06:02:30.696Z] [5062] Server ready.
[2026-01-31T06:03:28.545Z] [4614] Server startup timed out
[2026-01-31T06:03:28.548Z] Error: Timeout
[2026-01-31T06:10:41.671Z] Extracting ZIPs...
[2026-01-31T06:10:41.862Z] Starting servers in parallel...
[2026-01-31T06:10:41.865Z] [4133] Using shared node_modules for speed...
[2026-01-31T06:10:41.867Z] [5100] Using shared node_modules for speed...
[2026-01-31T06:10:41.875Z] [4133] Starting server...
[2026-01-31T06:10:41.965Z] [5100] Starting server...
[2026-01-31T06:11:42.980Z] [5100] Server startup timed out
[2026-01-31T06:11:42.988Z] Error: Timeout
[2026-01-31T06:11:43.028Z] [4133] Server startup timed out
[2026-01-31T06:34:00.720Z] Extracting ZIPs...
[2026-01-31T06:34:01.034Z] Starting servers in parallel...
[2026-01-31T06:34:01.048Z] [4107] Learning new dependencies: @testing-library/jest-dom, @testing-library/react, @testing-library/user-event, chalk, msw, eslint-config-airbnb, eslint-config-prettier, eslint-plugin-prettier, husky, lint-staged, npm-run-all, prettier...
[2026-01-31T06:34:01.106Z] [5955] Using shared node_modules for speed...
[2026-01-31T06:34:01.114Z] [5955] Starting server...
[2026-01-31T06:34:08.155Z] [5955] Server ready.
[2026-01-31T06:34:20.890Z] [4107] Successfully learned 12 new packages.
[2026-01-31T06:34:20.927Z] [4107] Using shared node_modules for speed...
[2026-01-31T06:34:20.945Z] [4107] Starting server...
[2026-01-31T06:35:21.858Z] Extracting ZIPs...
[2026-01-31T06:35:21.961Z] Starting servers in parallel...
[2026-01-31T06:35:21.964Z] [4050] Using shared node_modules for speed...
[2026-01-31T06:35:21.966Z] [5318] Using shared node_modules for speed...
[2026-01-31T06:35:21.968Z] [4050] Starting server...
[2026-01-31T06:35:21.985Z] [5318] Starting server...
[2026-01-31T06:35:26.238Z] [4050] Server ready.
[2026-01-31T06:35:26.242Z] [5318] Server ready.
[2026-01-31T06:35:26.248Z] Capturing Solution Screenshots...
[2026-01-31T06:35:32.955Z] Capturing Student Screenshots...
[2026-01-31T06:35:35.241Z] Comparing...
[2026-01-31T06:35:35.243Z] Checking files exist...
[2026-01-31T06:35:35.244Z] Reading img1: C:\Users\sivab\OneDrive\Desktop\VR_PROJECT\backend\temp\1769841321853\solution\screenshots\index.png
[2026-01-31T06:35:35.360Z] Reading img2: C:\Users\sivab\OneDrive\Desktop\VR_PROJECT\backend\temp\1769841321853\student\screenshots\index.png
[2026-01-31T06:35:35.457Z] Image dimensions: 1280x720
[2026-01-31T06:35:35.473Z] Running pixelmatch...
[2026-01-31T06:35:35.542Z] Similarity calculated: 100.00%
[2026-01-31T06:35:35.544Z] Comparison complete. Timings: {"extraction":"0.10s","rootDetection":"0.00s","serverStartup":"4.29s","screenshotCapture":"8.99s","imageComparison":"0.30s","overall":"13.69s"}
[2026-01-31T06:36:02.339Z] Extracting ZIPs...
[2026-01-31T06:36:02.497Z] Starting servers in parallel...
[2026-01-31T06:36:02.499Z] [4659] Learning new dependencies: @testing-library/jest-dom, @testing-library/react, @testing-library/user-event, chalk, msw, eslint-config-airbnb, eslint-config-prettier, eslint-plugin-prettier, husky, lint-staged, npm-run-all, prettier...
[2026-01-31T06:36:02.507Z] [5885] Learning new dependencies: @testing-library/jest-dom, @testing-library/react, @testing-library/user-event, chalk, msw, eslint-config-airbnb, eslint-config-prettier, eslint-plugin-prettier, husky, lint-staged, npm-run-all, prettier...
[2026-01-31T06:36:12.447Z] [5885] Successfully learned 12 new packages.
[2026-01-31T06:36:12.462Z] [5885] Using shared node_modules for speed...
[2026-01-31T06:36:12.467Z] [5885] Starting server...
[2026-01-31T06:36:12.476Z] [4659] Successfully learned 12 new packages.
[2026-01-31T06:36:12.482Z] [4659] Using shared node_modules for speed...
[2026-01-31T06:36:12.487Z] [4659] Starting server...
[2026-01-31T06:36:23.243Z] [4107] Server startup timed out
[2026-01-31T06:36:23.246Z] Error: Timeout
[2026-01-31T06:38:14.096Z] [5885] Server startup timed out
[2026-01-31T06:38:14.099Z] Error: Timeout
[2026-01-31T06:38:14.102Z] [4659] Server startup timed out
[2026-01-31T06:42:56.447Z] Extracting ZIPs...
[2026-01-31T06:42:56.589Z] Starting servers in parallel...
[2026-01-31T06:42:56.593Z] [4528] Learning new dependencies: @testing-library/jest-dom, @testing-library/react, @testing-library/user-event, chalk, msw, eslint-config-airbnb, eslint-config-prettier, eslint-plugin-prettier, husky, lint-staged, npm-run-all, prettier...
[2026-01-31T06:43:03.726Z] [4528] Successfully learned 12 new packages.
[2026-01-31T06:43:03.727Z] [4528] Using shared node_modules for speed...
[2026-01-31T06:43:03.732Z] [4528] Starting server...
[2026-01-31T06:43:04.682Z] [5348] Learning new dependencies: @testing-library/jest-dom, @testing-library/react, @testing-library/user-event, chalk, msw, eslint-config-airbnb, eslint-config-prettier, eslint-plugin-prettier, husky, lint-staged, npm-run-all, prettier...
[2026-01-31T06:43:08.633Z] [5348] Successfully learned 12 new packages.
[2026-01-31T06:43:08.634Z] [5348] Using shared node_modules for speed...
[2026-01-31T06:43:08.636Z] [5348] Starting server...
[2026-01-31T06:45:04.970Z] [4528] Server startup timed out
[2026-01-31T06:45:04.971Z] Error: Timeout
[2026-01-31T06:45:09.949Z] [5348] Server startup timed out
[2026-01-31T06:49:00.694Z] Extracting ZIPs...
[2026-01-31T06:49:00.829Z] Starting servers in parallel...
[2026-01-31T06:49:00.832Z] [4644] Learning new dependencies: @testing-library/jest-dom, @testing-library/react, @testing-library/user-event, chalk, msw, eslint-config-airbnb, eslint-config-prettier, eslint-plugin-prettier, husky, lint-staged, npm-run-all, prettier...
[2026-01-31T06:49:08.435Z] [4644] npm install warning/error: npm error code ERESOLVE
npm error ERESOLVE could not resolve
npm error
npm error While resolving: master_project@1.0.0
npm error Found: eslint@7.32.0
npm error node_modules/eslint
npm error   peer eslint@"^5.0.0 || ^6.0.0 || ^7.0.0" from @typescript-eslint/eslint-plugin@4.33.0
npm error   node_modules/@typescript-eslint/eslint-plugin
npm error     peer @typescript-eslint/eslint-plugin@"^4.0.0" from eslint-config-react-app@6.0.0
npm error     node_modules/eslint-config-react-app
npm error       eslint-config-react-app@"^6.0.0" from react-scripts@4.0.3
npm error       node_modules/react-scripts
npm error         react-scripts@"^4.0.3" from the root project
npm error     peerOptional @typescript-eslint/eslint-plugin@">= 4" from eslint-plugin-jest@24.7.0
npm error     node_modules/eslint-plugin-jest
npm error       peerOptional eslint-plugin-jest@"^24.0.0" from eslint-config-react-app@6.0.0
npm error       node_modules/eslint-config-react-app
npm error         eslint-config-react-app@"^6.0.0" from react-scripts@4.0.3
npm error         node_modules/react-scripts
npm error       1 more (react-scripts)
npm error     1 more (react-scripts)
npm error   peer eslint@"*" from @typescript-eslint/experimental-utils@4.33.0
npm error   node_modules/@typescript-eslint/experimental-utils
npm error     @typescript-eslint/experimental-utils@"4.33.0" from @typescript-eslint/eslint-plugin@4.33.0
npm error     node_modules/@typescript-eslint/eslint-plugin
npm error       peer @typescript-eslint/eslint-plugin@"^4.0.0" from eslint-config-react-app@6.0.0
npm error       node_modules/eslint-config-react-app
npm error         eslint-config-react-app@"^6.0.0" from react-scripts@4.0.3
npm error         node_modules/react-scripts
npm error       2 more (eslint-plugin-jest, react-scripts)
npm error     @typescript-eslint/experimental-utils@"^4.0.1" from eslint-plugin-jest@24.7.0
npm error     node_modules/eslint-plugin-jest
npm error       peerOptional eslint-plugin-jest@"^24.0.0" from eslint-config-react-app@6.0.0
npm error       node_modules/eslint-config-react-app
npm error         eslint-config-react-app@"^6.0.0" from react-scripts@4.0.3
npm error         node_modules/react-scripts
npm error       1 more (react-scripts)
npm error   16 more (@typescript-eslint/parser, babel-eslint, ...)
npm error
npm error Could not resolve dependency:
npm error eslint-plugin-prettier@"*" from the root project
npm error
npm error Conflicting peer dependency: eslint@9.39.2
npm error node_modules/eslint
npm error   peer eslint@">=8.0.0" from eslint-plugin-prettier@5.5.5
npm error   node_modules/eslint-plugin-prettier
npm error     eslint-plugin-prettier@"*" from the root project
npm error
npm error Fix the upstream dependency conflict, or retry
npm error this command with --force or --legacy-peer-deps
npm error to accept an incorrect (and potentially broken) dependency resolution.
npm error
npm error
npm error For a full report see:
npm error C:\Users\sivab\AppData\Local\npm-cache\_logs\2026-01-31T06_49_01_191Z-eresolve-report.txt
npm error A complete log of this run can be found in: C:\Users\sivab\AppData\Local\npm-cache\_logs\2026-01-31T06_49_01_191Z-debug-0.log

[2026-01-31T06:49:08.437Z] [4644] Learned packages. Result code: 1
[2026-01-31T06:49:08.437Z] [4644] Using shared node_modules for speed...
[2026-01-31T06:49:08.440Z] [4644] Starting server...
[2026-01-31T06:49:08.909Z] [5308] Learning new dependencies: @testing-library/jest-dom, @testing-library/react, @testing-library/user-event, chalk, msw, eslint-config-airbnb, eslint-config-prettier, eslint-plugin-prettier, husky, lint-staged, npm-run-all, prettier...
[2026-01-31T06:49:12.986Z] [5308] npm install warning/error: npm error code ERESOLVE
npm error ERESOLVE could not resolve
npm error
npm error While resolving: master_project@1.0.0
npm error Found: eslint@7.32.0
npm error node_modules/eslint
npm error   peer eslint@"^5.0.0 || ^6.0.0 || ^7.0.0" from @typescript-eslint/eslint-plugin@4.33.0
npm error   node_modules/@typescript-eslint/eslint-plugin
npm error     peer @typescript-eslint/eslint-plugin@"^4.0.0" from eslint-config-react-app@6.0.0
npm error     node_modules/eslint-config-react-app
npm error       eslint-config-react-app@"^6.0.0" from react-scripts@4.0.3
npm error       node_modules/react-scripts
npm error         react-scripts@"^4.0.3" from the root project
npm error     peerOptional @typescript-eslint/eslint-plugin@">= 4" from eslint-plugin-jest@24.7.0
npm error     node_modules/eslint-plugin-jest
npm error       peerOptional eslint-plugin-jest@"^24.0.0" from eslint-config-react-app@6.0.0
npm error       node_modules/eslint-config-react-app
npm error         eslint-config-react-app@"^6.0.0" from react-scripts@4.0.3
npm error         node_modules/react-scripts
npm error       1 more (react-scripts)
npm error     1 more (react-scripts)
npm error   peer eslint@"*" from @typescript-eslint/experimental-utils@4.33.0
npm error   node_modules/@typescript-eslint/experimental-utils
npm error     @typescript-eslint/experimental-utils@"4.33.0" from @typescript-eslint/eslint-plugin@4.33.0
npm error     node_modules/@typescript-eslint/eslint-plugin
npm error       peer @typescript-eslint/eslint-plugin@"^4.0.0" from eslint-config-react-app@6.0.0
npm error       node_modules/eslint-config-react-app
npm error         eslint-config-react-app@"^6.0.0" from react-scripts@4.0.3
npm error         node_modules/react-scripts
npm error       2 more (eslint-plugin-jest, react-scripts)
npm error     @typescript-eslint/experimental-utils@"^4.0.1" from eslint-plugin-jest@24.7.0
npm error     node_modules/eslint-plugin-jest
npm error       peerOptional eslint-plugin-jest@"^24.0.0" from eslint-config-react-app@6.0.0
npm error       node_modules/eslint-config-react-app
npm error         eslint-config-react-app@"^6.0.0" from react-scripts@4.0.3
npm error         node_modules/react-scripts
npm error       1 more (react-scripts)
npm error   16 more (@typescript-eslint/parser, babel-eslint, ...)
npm error
npm error Could not resolve dependency:
npm error eslint-plugin-prettier@"*" from the root project
npm error
npm error Conflicting peer dependency: eslint@9.39.2
npm error node_modules/eslint
npm error   peer eslint@">=8.0.0" from eslint-plugin-prettier@5.5.5
npm error   node_modules/eslint-plugin-prettier
npm error     eslint-plugin-prettier@"*" from the root project
npm error
npm error Fix the upstream dependency conflict, or retry
npm error this command with --force or --legacy-peer-deps
npm error to accept an incorrect (and potentially broken) dependency resolution.
npm error
npm error
npm error For a full report see:
npm error C:\Users\sivab\AppData\Local\npm-cache\_logs\2026-01-31T06_49_09_317Z-eresolve-report.txt
npm error A complete log of this run can be found in: C:\Users\sivab\AppData\Local\npm-cache\_logs\2026-01-31T06_49_09_317Z-debug-0.log

[2026-01-31T06:49:12.987Z] [5308] Learned packages. Result code: 1
[2026-01-31T06:49:12.988Z] [5308] Using shared node_modules for speed...
[2026-01-31T06:49:12.990Z] [5308] Starting server...
[2026-01-31T06:49:17.603Z] [4644] Still waiting for server... (10s)
[2026-01-31T06:49:22.082Z] [5308] Still waiting for server... (10s)
[2026-01-31T06:49:27.700Z] [4644] Still waiting for server... (20s)
[2026-01-31T06:49:32.189Z] [5308] Still waiting for server... (20s)
[2026-01-31T06:49:37.804Z] [4644] Still waiting for server... (30s)
[2026-01-31T06:49:42.313Z] [5308] Still waiting for server... (30s)
[2026-01-31T06:49:47.886Z] [4644] Still waiting for server... (40s)
[2026-01-31T06:49:52.448Z] [5308] Still waiting for server... (40s)
[2026-01-31T06:49:58.001Z] [4644] Still waiting for server... (50s)
[2026-01-31T06:50:02.547Z] [5308] Still waiting for server... (50s)
[2026-01-31T06:50:08.086Z] [4644] Still waiting for server... (60s)
[2026-01-31T06:50:12.638Z] [5308] Still waiting for server... (60s)
[2026-01-31T06:50:18.165Z] [4644] Still waiting for server... (70s)
[2026-01-31T06:50:22.721Z] [5308] Still waiting for server... (70s)
[2026-01-31T06:50:28.318Z] [4644] Still waiting for server... (80s)
[2026-01-31T06:50:32.814Z] [5308] Still waiting for server... (80s)
[2026-01-31T06:50:38.448Z] [4644] Still waiting for server... (90s)
[2026-01-31T06:50:42.910Z] [5308] Still waiting for server... (90s)
[2026-01-31T06:50:48.546Z] [4644] Still waiting for server... (100s)
[2026-01-31T06:50:53.035Z] [5308] Still waiting for server... (100s)
[2026-01-31T06:50:58.631Z] [4644] Still waiting for server... (110s)
[2026-01-31T06:51:03.134Z] [5308] Still waiting for server... (110s)
[2026-01-31T06:51:08.729Z] [4644] Still waiting for server... (120s)
[2026-01-31T06:51:13.267Z] [5308] Still waiting for server... (120s)
[2026-01-31T06:51:18.814Z] [4644] Still waiting for server... (130s)
[2026-01-31T06:51:23.394Z] [5308] Still waiting for server... (130s)
[2026-01-31T06:51:28.954Z] [4644] Still waiting for server... (140s)
[2026-01-31T06:51:33.502Z] [5308] Still waiting for server... (140s)
[2026-01-31T06:51:39.079Z] [4644] Still waiting for server... (150s)
[2026-01-31T06:51:43.592Z] [5308] Still waiting for server... (150s)
[2026-01-31T06:51:49.154Z] [4644] Still waiting for server... (160s)
[2026-01-31T06:51:53.703Z] [5308] Still waiting for server... (160s)
[2026-01-31T06:51:59.312Z] [4644] Still waiting for server... (170s)
[2026-01-31T06:52:03.779Z] [5308] Still waiting for server... (170s)
[2026-01-31T06:52:09.429Z] [4644] Still waiting for server... (180s)
[2026-01-31T06:52:10.435Z] [4644] Server startup timed out after 180s
[2026-01-31T06:52:10.437Z] Error: Timeout
[2026-01-31T06:52:13.863Z] [5308] Still waiting for server... (180s)
[2026-01-31T06:52:14.874Z] [5308] Server startup timed out after 180s
[2026-01-31T06:52:37.038Z] Extracting ZIPs...
[2026-01-31T06:52:37.106Z] Starting servers in parallel...
[2026-01-31T06:52:37.109Z] [4810] Using shared node_modules for speed...
[2026-01-31T06:52:37.111Z] [5691] Learning new dependencies: @eslint/js, @testing-library/jest-dom, @testing-library/react, @testing-library/user-event, @types/react, @types/react-dom, eslint, eslint-plugin-react-hooks, eslint-plugin-react-refresh, globals, jest, jsdom, vitest...
[2026-01-31T06:52:37.140Z] [4810] Starting server...
[2026-01-31T06:52:42.365Z] [4810] Server ready.
[2026-01-31T06:53:28.393Z] [5691] Learned packages. Result code: 0
[2026-01-31T06:53:28.394Z] [5691] Using shared node_modules for speed...
[2026-01-31T06:53:28.397Z] [5691] Starting server...
[2026-01-31T06:53:31.529Z] [5691] Server ready.
[2026-01-31T06:53:31.530Z] Capturing Solution Screenshots...
[2026-01-31T06:53:34.200Z] Capturing Student Screenshots...
[2026-01-31T06:53:39.481Z] Comparing...
[2026-01-31T06:53:39.483Z] Checking files exist...
[2026-01-31T06:53:39.484Z] Reading img1: C:\Users\sivab\OneDrive\Desktop\VR_PROJECT\backend\temp\1769842357032\solution\screenshots\index.png
[2026-01-31T06:53:39.620Z] Reading img2: C:\Users\sivab\OneDrive\Desktop\VR_PROJECT\backend\temp\1769842357032\student\screenshots\index.png
[2026-01-31T06:53:39.673Z] Image dimensions: 1280x720
[2026-01-31T06:53:39.677Z] Running pixelmatch...
[2026-01-31T06:53:40.186Z] Similarity calculated: 10.07%
[2026-01-31T06:53:40.187Z] Comparison complete. Timings: {"extraction":"0.06s","rootDetection":"0.01s","serverStartup":"54.42s","screenshotCapture":"7.95s","imageComparison":"0.71s","overall":"63.15s"}
[2026-01-31T06:58:40.995Z] Extracting ZIPs...
[2026-01-31T06:58:41.163Z] Starting servers in parallel...
[2026-01-31T06:58:41.174Z] [4573] Learning new dependencies: chalk, msw, eslint-config-airbnb, eslint-config-prettier, eslint-plugin-prettier, husky, lint-staged, npm-run-all, prettier...
[2026-01-31T06:58:46.639Z] [4573] npm install warning/error: npm error code ERESOLVE
npm error ERESOLVE unable to resolve dependency tree
npm error
npm error While resolving: master_project@1.0.0
npm error Found: eslint@9.39.2
npm error node_modules/eslint
npm error   eslint@"^9.39.2" from the root project
npm error
npm error Could not resolve dependency:
npm error peer eslint@"^7.32.0 || ^8.2.0" from eslint-config-airbnb@19.0.4
npm error node_modules/eslint-config-airbnb
npm error   eslint-config-airbnb@"*" from the root project
npm error
npm error Fix the upstream dependency conflict, or retry
npm error this command with --force or --legacy-peer-deps
npm error to accept an incorrect (and potentially broken) dependency resolution.
npm error
npm error
npm error For a full report see:
npm error C:\Users\sivab\AppData\Local\npm-cache\_logs\2026-01-31T06_58_41_635Z-eresolve-report.txt
npm error A complete log of this run can be found in: C:\Users\sivab\AppData\Local\npm-cache\_logs\2026-01-31T06_58_41_635Z-debug-0.log

[2026-01-31T06:58:46.641Z] [4573] Learned packages. Result code: 1
[2026-01-31T06:58:46.642Z] [4573] Using shared node_modules for speed...
[2026-01-31T06:58:46.646Z] [4573] Starting server...
[2026-01-31T06:58:47.257Z] [5159] Learning new dependencies: chalk, msw, eslint-config-airbnb, eslint-config-prettier, eslint-plugin-prettier, husky, lint-staged, npm-run-all, prettier...
[2026-01-31T06:58:51.947Z] [5159] npm install warning/error: npm error code ERESOLVE
npm error ERESOLVE unable to resolve dependency tree
npm error
npm error While resolving: master_project@1.0.0
npm error Found: eslint@9.39.2
npm error node_modules/eslint
npm error   eslint@"^9.39.2" from the root project
npm error
npm error Could not resolve dependency:
npm error peer eslint@"^7.32.0 || ^8.2.0" from eslint-config-airbnb@19.0.4
npm error node_modules/eslint-config-airbnb
npm error   eslint-config-airbnb@"*" from the root project
npm error
npm error Fix the upstream dependency conflict, or retry
npm error this command with --force or --legacy-peer-deps
npm error to accept an incorrect (and potentially broken) dependency resolution.
npm error
npm error
npm error For a full report see:
npm error C:\Users\sivab\AppData\Local\npm-cache\_logs\2026-01-31T06_58_47_739Z-eresolve-report.txt
npm error A complete log of this run can be found in: C:\Users\sivab\AppData\Local\npm-cache\_logs\2026-01-31T06_58_47_739Z-debug-0.log

[2026-01-31T06:58:51.950Z] [5159] Learned packages. Result code: 1
[2026-01-31T06:58:51.957Z] [5159] Using shared node_modules for speed...
[2026-01-31T06:58:51.961Z] [5159] Starting server...
[2026-01-31T06:58:55.795Z] [4573] Still waiting for server... (10s)
[2026-01-31T06:59:01.174Z] [5159] Still waiting for server... (10s)
[2026-01-31T06:59:05.939Z] [4573] Still waiting for server... (20s)
[2026-01-31T06:59:11.316Z] [5159] Still waiting for server... (20s)
[2026-01-31T06:59:16.073Z] [4573] Still waiting for server... (30s)
[2026-01-31T06:59:21.437Z] [5159] Still waiting for server... (30s)
[2026-01-31T06:59:26.208Z] [4573] Still waiting for server... (40s)
[2026-01-31T06:59:31.548Z] [5159] Still waiting for server... (40s)
[2026-01-31T06:59:36.327Z] [4573] Still waiting for server... (50s)
[2026-01-31T06:59:41.692Z] [5159] Still waiting for server... (50s)
[2026-01-31T06:59:46.487Z] [4573] Still waiting for server... (60s)
[2026-01-31T06:59:51.818Z] [5159] Still waiting for server... (60s)
[2026-01-31T06:59:56.629Z] [4573] Still waiting for server... (70s)
[2026-01-31T07:00:01.958Z] [5159] Still waiting for server... (70s)
[2026-01-31T07:00:06.726Z] [4573] Still waiting for server... (80s)
[2026-01-31T07:00:12.067Z] [5159] Still waiting for server... (80s)
[2026-01-31T07:00:16.845Z] [4573] Still waiting for server... (90s)
[2026-01-31T07:00:22.207Z] [5159] Still waiting for server... (90s)
[2026-01-31T07:00:27.019Z] [4573] Still waiting for server... (100s)
[2026-01-31T07:00:32.364Z] [5159] Still waiting for server... (100s)
[2026-01-31T07:00:37.177Z] [4573] Still waiting for server... (110s)
[2026-01-31T07:00:42.490Z] [5159] Still waiting for server... (110s)
[2026-01-31T07:00:47.282Z] [4573] Still waiting for server... (120s)
[2026-01-31T07:00:52.645Z] [5159] Still waiting for server... (120s)
[2026-01-31T07:00:57.425Z] [4573] Still waiting for server... (130s)
[2026-01-31T07:01:01.862Z] Extracting ZIPs...
[2026-01-31T07:01:01.949Z] Starting servers in parallel...
[2026-01-31T07:01:01.951Z] [4183] Using shared node_modules for speed...
[2026-01-31T07:01:01.952Z] [5765] Using shared node_modules for speed...
[2026-01-31T07:01:01.956Z] [5765] Starting server...
[2026-01-31T07:01:01.980Z] [4183] Starting server...
[2026-01-31T07:01:02.753Z] [5159] Still waiting for server... (130s)
[2026-01-31T07:01:07.229Z] [4183] Server ready.
[2026-01-31T07:01:07.246Z] [5765] Server ready.
[2026-01-31T07:01:07.247Z] Capturing Solution Screenshots...
[2026-01-31T07:01:07.703Z] [4573] Still waiting for server... (140s)
[2026-01-31T07:01:10.113Z] Capturing Student Screenshots...
[2026-01-31T07:01:12.003Z] Comparing...
[2026-01-31T07:01:12.004Z] Checking files exist...
[2026-01-31T07:01:12.005Z] Reading img1: C:\Users\sivab\OneDrive\Desktop\VR_PROJECT\backend\temp\1769842861854\solution\screenshots\index.png
[2026-01-31T07:01:12.123Z] Reading img2: C:\Users\sivab\OneDrive\Desktop\VR_PROJECT\backend\temp\1769842861854\student\screenshots\index.png
[2026-01-31T07:01:12.200Z] Image dimensions: 1280x720
[2026-01-31T07:01:12.202Z] Running pixelmatch...
[2026-01-31T07:01:12.261Z] Similarity calculated: 100.00%
[2026-01-31T07:01:12.265Z] Comparison complete. Timings: {"extraction":"0.09s","rootDetection":"0.00s","serverStartup":"5.30s","screenshotCapture":"4.76s","imageComparison":"0.26s","overall":"10.40s"}
[2026-01-31T07:01:12.944Z] [5159] Still waiting for server... (140s)
[2026-01-31T07:01:17.910Z] [4573] Still waiting for server... (150s)
[2026-01-31T07:01:23.067Z] [5159] Still waiting for server... (150s)
[2026-01-31T07:01:28.048Z] [4573] Still waiting for server... (160s)
[2026-01-31T07:01:33.210Z] [5159] Still waiting for server... (160s)
[2026-01-31T07:01:38.206Z] [4573] Still waiting for server... (170s)
[2026-01-31T07:01:43.351Z] [5159] Still waiting for server... (170s)
[2026-01-31T07:01:45.628Z] Extracting ZIPs...
[2026-01-31T07:01:45.778Z] Starting servers in parallel...
[2026-01-31T07:01:45.787Z] [4988] Using shared node_modules for speed...
[2026-01-31T07:01:45.792Z] [5244] Using shared node_modules for speed...
[2026-01-31T07:01:45.800Z] [4988] Starting server...
[2026-01-31T07:01:45.848Z] [5244] Starting server...
[2026-01-31T07:01:48.453Z] [4573] Still waiting for server... (180s)
[2026-01-31T07:01:49.486Z] [4573] Server startup timed out after 180s
[2026-01-31T07:01:49.491Z] Error: Timeout
[2026-01-31T07:01:51.072Z] [5244] Server ready.
[2026-01-31T07:01:51.075Z] [4988] Server ready.
[2026-01-31T07:01:51.076Z] Capturing Solution Screenshots...
[2026-01-31T07:01:53.612Z] [5159] Still waiting for server... (180s)
[2026-01-31T07:01:54.624Z] [5159] Server startup timed out after 180s
[2026-01-31T07:01:58.011Z] Capturing Student Screenshots...
[2026-01-31T07:02:00.435Z] Comparing...
[2026-01-31T07:02:00.437Z] Checking files exist...
[2026-01-31T07:02:00.439Z] Reading img1: C:\Users\sivab\OneDrive\Desktop\VR_PROJECT\backend\temp\1769842905614\solution\screenshots\index.png
[2026-01-31T07:02:00.538Z] Reading img2: C:\Users\sivab\OneDrive\Desktop\VR_PROJECT\backend\temp\1769842905614\student\screenshots\index.png
[2026-01-31T07:02:00.615Z] Image dimensions: 1280x720
[2026-01-31T07:02:00.617Z] Running pixelmatch...
[2026-01-31T07:02:00.634Z] Similarity calculated: 100.00%
[2026-01-31T07:02:00.636Z] Comparison complete. Timings: {"extraction":"0.14s","rootDetection":"0.01s","serverStartup":"5.30s","screenshotCapture":"9.36s","imageComparison":"0.20s","overall":"15.01s"}
[2026-01-31T07:06:34.000Z] Extracting ZIPs...
[2026-01-31T07:06:34.146Z] Starting servers in parallel...
[2026-01-31T07:06:34.156Z] [4103] Learning new dependencies: chart.js, json-server, json-server-auth, react-chartjs-2, recharts, gh-pages...
[2026-01-31T07:07:15.495Z] [4103] Learned packages. Result code: 0
[2026-01-31T07:07:15.497Z] [4103] Using shared node_modules for speed...
[2026-01-31T07:07:15.504Z] [4103] Starting server...
[2026-01-31T07:07:15.596Z] [5124] Using shared node_modules for speed...
[2026-01-31T07:07:15.604Z] [5124] Starting server...
[2026-01-31T07:07:24.690Z] [4103] Still waiting for server... (10s)
[2026-01-31T07:07:24.786Z] [5124] Still waiting for server... (10s)
[2026-01-31T07:07:34.825Z] [4103] Still waiting for server... (20s)
[2026-01-31T07:07:34.936Z] [5124] Still waiting for server... (20s)
[2026-01-31T07:07:44.972Z] [4103] Still waiting for server... (30s)
[2026-01-31T07:07:45.054Z] [5124] Still waiting for server... (30s)
[2026-01-31T07:07:55.127Z] [4103] Still waiting for server... (40s)
[2026-01-31T07:07:55.190Z] [5124] Still waiting for server... (40s)
[2026-01-31T07:08:05.288Z] [4103] Still waiting for server... (50s)
[2026-01-31T07:08:05.337Z] [5124] Still waiting for server... (50s)
[2026-01-31T07:08:15.461Z] [4103] Still waiting for server... (60s)
[2026-01-31T07:08:15.492Z] [5124] Still waiting for server... (60s)
[2026-01-31T07:08:25.640Z] [4103] Still waiting for server... (70s)
[2026-01-31T07:08:25.642Z] [5124] Still waiting for server... (70s)
[2026-01-31T07:08:35.940Z] [4103] Still waiting for server... (80s)
[2026-01-31T07:08:35.966Z] [5124] Still waiting for server... (80s)
[2026-01-31T07:08:46.116Z] [4103] Still waiting for server... (90s)
[2026-01-31T07:08:46.124Z] [5124] Still waiting for server... (90s)
[2026-01-31T07:08:56.274Z] [4103] Still waiting for server... (100s)
[2026-01-31T07:08:56.280Z] [5124] Still waiting for server... (100s)
[2026-01-31T07:09:06.415Z] [4103] Still waiting for server... (110s)
[2026-01-31T07:09:06.419Z] [5124] Still waiting for server... (110s)
[2026-01-31T07:09:16.573Z] [5124] Still waiting for server... (120s)
[2026-01-31T07:09:16.576Z] [4103] Still waiting for server... (120s)
[2026-01-31T07:09:26.731Z] [5124] Still waiting for server... (130s)
[2026-01-31T07:09:26.736Z] [4103] Still waiting for server... (130s)
[2026-01-31T07:09:36.873Z] [5124] Still waiting for server... (140s)
[2026-01-31T07:09:36.877Z] [4103] Still waiting for server... (140s)
[2026-01-31T07:09:47.011Z] [5124] Still waiting for server... (150s)
[2026-01-31T07:09:47.019Z] [4103] Still waiting for server... (150s)
[2026-01-31T07:09:57.187Z] [4103] Still waiting for server... (160s)
[2026-01-31T07:09:57.189Z] [5124] Still waiting for server... (160s)
[2026-01-31T07:10:07.327Z] [4103] Still waiting for server... (170s)
[2026-01-31T07:10:07.329Z] [5124] Still waiting for server... (170s)
[2026-01-31T07:10:17.418Z] [4103] Still waiting for server... (180s)
[2026-01-31T07:10:17.434Z] [5124] Still waiting for server... (180s)
[2026-01-31T07:10:18.428Z] [4103] Server startup timed out after 180s
[2026-01-31T07:10:18.430Z] Error: Timeout
[2026-01-31T07:10:18.446Z] [5124] Server startup timed out after 180s
[2026-01-31T07:15:51.635Z] Extracting ZIPs...
[2026-01-31T07:15:51.752Z] Starting servers in parallel...
[2026-01-31T07:15:51.758Z] [4816] Using shared node_modules for speed...
[2026-01-31T07:15:51.760Z] [5580] Using shared node_modules for speed...
[2026-01-31T07:15:51.763Z] [4816] Found db.json, starting json-server on port 8000...
[2026-01-31T07:15:51.789Z] [5580] Found db.json, starting json-server on port 8000...
[2026-01-31T07:15:53.806Z] [4816] Starting server...
[2026-01-31T07:15:53.898Z] [5580] Starting server...
[2026-01-31T07:16:03.302Z] [4816] Still waiting for server... (10s)
[2026-01-31T07:16:03.309Z] [5580] Still waiting for server... (10s)
[2026-01-31T07:16:13.461Z] [4816] Still waiting for server... (20s)
[2026-01-31T07:16:13.467Z] [5580] Still waiting for server... (20s)
[2026-01-31T07:16:23.619Z] [4816] Still waiting for server... (30s)
[2026-01-31T07:16:23.624Z] [5580] Still waiting for server... (30s)
[2026-01-31T07:16:33.778Z] [4816] Still waiting for server... (40s)
[2026-01-31T07:16:33.784Z] [5580] Still waiting for server... (40s)
[2026-01-31T07:16:43.938Z] [4816] Still waiting for server... (50s)
[2026-01-31T07:16:43.942Z] [5580] Still waiting for server... (50s)
[2026-01-31T07:16:54.092Z] [4816] Still waiting for server... (60s)
[2026-01-31T07:16:54.098Z] [5580] Still waiting for server... (60s)
[2026-01-31T07:17:04.236Z] [4816] Still waiting for server... (70s)
[2026-01-31T07:17:04.240Z] [5580] Still waiting for server... (70s)
[2026-01-31T07:17:14.391Z] [4816] Still waiting for server... (80s)
[2026-01-31T07:17:14.397Z] [5580] Still waiting for server... (80s)
[2026-01-31T07:17:24.549Z] [4816] Still waiting for server... (90s)
[2026-01-31T07:17:24.555Z] [5580] Still waiting for server... (90s)
[2026-01-31T07:17:34.707Z] [5580] Still waiting for server... (100s)
[2026-01-31T07:17:34.712Z] [4816] Still waiting for server... (100s)
[2026-01-31T07:17:44.865Z] [5580] Still waiting for server... (110s)
[2026-01-31T07:17:44.871Z] [4816] Still waiting for server... (110s)
[2026-01-31T07:17:55.022Z] [5580] Still waiting for server... (120s)
[2026-01-31T07:17:55.028Z] [4816] Still waiting for server... (120s)
[2026-01-31T07:18:05.179Z] [5580] Still waiting for server... (130s)
[2026-01-31T07:18:05.185Z] [4816] Still waiting for server... (130s)
[2026-01-31T07:18:15.340Z] [4816] Still waiting for server... (140s)
[2026-01-31T07:18:15.346Z] [5580] Still waiting for server... (140s)
[2026-01-31T07:18:25.495Z] [4816] Still waiting for server... (150s)
[2026-01-31T07:18:25.500Z] [5580] Still waiting for server... (150s)
[2026-01-31T07:18:35.654Z] [4816] Still waiting for server... (160s)
[2026-01-31T07:18:35.659Z] [5580] Still waiting for server... (160s)
[2026-01-31T07:18:45.811Z] [4816] Still waiting for server... (170s)
[2026-01-31T07:18:45.817Z] [5580] Still waiting for server... (170s)
[2026-01-31T07:18:55.965Z] [4816] Still waiting for server... (180s)
[2026-01-31T07:18:55.971Z] [5580] Still waiting for server... (180s)
[2026-01-31T07:18:56.985Z] [4816] Server startup timed out after 180s
[2026-01-31T07:18:56.988Z] Error: Timeout
[2026-01-31T07:18:57.004Z] [5580] Server startup timed out after 180s
[2026-01-31T08:50:29.821Z] Extracting ZIPs...
[2026-01-31T08:50:30.057Z] Starting servers in parallel...
[2026-01-31T08:50:30.081Z] [4516] Using shared node_modules for speed...
[2026-01-31T08:50:30.087Z] [5135] Using shared node_modules for speed...
[2026-01-31T08:50:30.091Z] [4516] Starting mockup backend on port 8000...
[2026-01-31T08:50:30.096Z] [5135] Starting mockup backend on port 8000...
[2026-01-31T08:50:32.181Z] [4516] Starting server...
[2026-01-31T08:50:32.375Z] [5135] Starting server...
[2026-01-31T08:50:41.615Z] [4516] Still waiting for server... (10s)
[2026-01-31T08:50:41.621Z] [5135] Still waiting for server... (10s)
[2026-01-31T08:51:35.880Z] [5135] Server ready at http://localhost:5135/NxtWave_Assisment
[2026-01-31T08:51:35.927Z] [4516] Server ready at http://localhost:4516/NxtWave_Assisment
[2026-01-31T08:51:35.931Z] Capturing Solution Screenshots...
[2026-01-31T08:52:12.944Z] Capturing Student Screenshots...
[2026-01-31T08:52:21.800Z] Comparing...
[2026-01-31T08:52:21.804Z] Checking files exist...
[2026-01-31T08:52:21.809Z] Image missing: C:\Users\sivab\OneDrive\Desktop\VR_PROJECT\backend\temp\1769849429808\solution\screenshots\index.png or C:\Users\sivab\OneDrive\Desktop\VR_PROJECT\backend\temp\1769849429808\student\screenshots\index.png
[2026-01-31T08:52:21.820Z] Comparison complete. Timings: {"extraction":"0.20s","rootDetection":"0.03s","serverStartup":"65.87s","screenshotCapture":"45.87s","imageComparison":"0.02s","overall":"112.00s"}
[2026-01-31T08:56:37.062Z] Extracting ZIPs...
[2026-01-31T08:56:37.182Z] Starting servers in parallel...
[2026-01-31T08:56:37.185Z] [4399] Using shared node_modules for speed...
[2026-01-31T08:56:37.186Z] [5482] Using shared node_modules for speed...
[2026-01-31T08:56:37.191Z] [4399] Starting mockup backend on port 8000...
[2026-01-31T08:56:37.193Z] [5482] Starting mockup backend on port 8000...
[2026-01-31T08:56:39.218Z] [4399] Starting server...
[2026-01-31T08:56:39.274Z] [5482] Starting server...
[2026-01-31T08:56:48.397Z] [4399] Still waiting for server... (10s)
[2026-01-31T08:56:48.402Z] [5482] Still waiting for server... (10s)
[2026-01-31T08:57:38.326Z] [4399] Server ready at http://localhost:4399/NxtWave_Assisment
[2026-01-31T08:57:38.459Z] [5482] Server ready at http://localhost:5482/NxtWave_Assisment
[2026-01-31T08:57:38.465Z] Capturing Solution Screenshots...
[2026-01-31T08:58:13.604Z] Capturing Student Screenshots...
[2026-01-31T08:58:21.222Z] Comparing...
[2026-01-31T08:58:21.227Z] Checking files exist...
[2026-01-31T08:58:21.228Z] Image missing: C:\Users\sivab\OneDrive\Desktop\VR_PROJECT\backend\temp\1769849797058\solution\screenshots\index.png or C:\Users\sivab\OneDrive\Desktop\VR_PROJECT\backend\temp\1769849797058\student\screenshots\index.png
[2026-01-31T08:58:21.230Z] Comparison complete. Timings: {"extraction":"0.11s","rootDetection":"0.01s","serverStartup":"61.28s","screenshotCapture":"42.76s","imageComparison":"0.01s","overall":"104.17s"}
[2026-01-31T09:11:39.179Z] Extracting ZIPs...
[2026-01-31T09:11:39.301Z] Starting servers in parallel...
[2026-01-31T09:11:39.313Z] [4959] Major version mismatch for @testing-library/jest-dom: Master (6) vs Student (5). Upgrading...
[2026-01-31T09:11:39.314Z] [4959] Major version mismatch for @testing-library/react: Master (16) vs Student (13). Upgrading...
[2026-01-31T09:11:39.314Z] [4959] Major version mismatch for @testing-library/user-event: Master (14) vs Student (13). Upgrading...
[2026-01-31T09:11:39.315Z] [4959] Major version mismatch for react-scripts: Master (4) vs Student (5). Upgrading...
[2026-01-31T09:11:39.316Z] [4959] Major version mismatch for recharts: Master (3) vs Student (2). Upgrading...
[2026-01-31T09:11:39.316Z] [4959] Major version mismatch for web-vitals: Master (1) vs Student (2). Upgrading...
[2026-01-31T09:11:39.317Z] [4959] Learning/Upgrading dependencies: @testing-library/jest-dom@5.17.0, @testing-library/react@13.4.0, @testing-library/user-event@13.5.0, react-scripts@5.0.1, recharts@2.7.3, web-vitals@2.1.4...
[2026-01-31T09:11:39.350Z] [5912] Major version mismatch for @testing-library/jest-dom: Master (6) vs Student (5). Upgrading...
[2026-01-31T09:11:39.351Z] [5912] Major version mismatch for @testing-library/react: Master (16) vs Student (13). Upgrading...
[2026-01-31T09:11:39.352Z] [5912] Major version mismatch for @testing-library/user-event: Master (14) vs Student (13). Upgrading...
[2026-01-31T09:11:39.352Z] [5912] Major version mismatch for react-scripts: Master (4) vs Student (5). Upgrading...
[2026-01-31T09:11:39.353Z] [5912] Major version mismatch for recharts: Master (3) vs Student (2). Upgrading...
[2026-01-31T09:11:39.353Z] [5912] Major version mismatch for web-vitals: Master (1) vs Student (2). Upgrading...
[2026-01-31T09:13:07.058Z] [4959] Update complete. Result code: 0
[2026-01-31T09:13:07.065Z] [4959] Using shared node_modules for speed...
[2026-01-31T09:13:07.075Z] [4959] Starting mockup backend on port 8000...
[2026-01-31T09:13:07.226Z] [5912] Learning/Upgrading dependencies: @testing-library/jest-dom@5.17.0, @testing-library/react@13.4.0, @testing-library/user-event@13.5.0, react-scripts@5.0.1, recharts@2.7.3, web-vitals@2.1.4...
[2026-01-31T09:13:09.108Z] [4959] Starting server...
[2026-01-31T09:13:18.600Z] [4959] Still waiting for server... (10s)
[2026-01-31T09:13:18.811Z] [5912] Update complete. Result code: 0
[2026-01-31T09:13:18.813Z] [5912] Using shared node_modules for speed...
[2026-01-31T09:13:18.819Z] [5912] Starting mockup backend on port 8000...
[2026-01-31T09:13:20.832Z] [5912] Starting server...
[2026-01-31T09:13:28.758Z] [4959] Still waiting for server... (20s)
[2026-01-31T09:13:29.992Z] [5912] Still waiting for server... (10s)
[2026-01-31T09:13:38.916Z] [4959] Still waiting for server... (30s)
[2026-01-31T09:13:40.148Z] [5912] Still waiting for server... (20s)
[2026-01-31T09:13:49.056Z] [4959] Still waiting for server... (40s)
[2026-01-31T09:13:50.306Z] [5912] Still waiting for server... (30s)
[2026-01-31T09:13:59.214Z] [4959] Still waiting for server... (50s)
[2026-01-31T09:14:00.463Z] [5912] Still waiting for server... (40s)
[2026-01-31T09:14:09.355Z] [4959] Still waiting for server... (60s)
[2026-01-31T09:14:10.620Z] [5912] Still waiting for server... (50s)
[2026-01-31T09:14:19.512Z] [4959] Still waiting for server... (70s)
[2026-01-31T09:14:20.761Z] [5912] Still waiting for server... (60s)
[2026-01-31T09:14:29.653Z] [4959] Still waiting for server... (80s)
[2026-01-31T09:14:30.893Z] [5912] Still waiting for server... (70s)
[2026-01-31T09:14:39.828Z] [4959] Still waiting for server... (90s)
[2026-01-31T09:14:41.043Z] [5912] Still waiting for server... (80s)
[2026-01-31T09:14:49.987Z] [4959] Still waiting for server... (100s)
[2026-01-31T09:14:51.186Z] [5912] Still waiting for server... (90s)
[2026-01-31T09:15:00.127Z] [4959] Still waiting for server... (110s)
[2026-01-31T09:15:01.326Z] [5912] Still waiting for server... (100s)
[2026-01-31T09:15:10.284Z] [4959] Still waiting for server... (120s)
[2026-01-31T09:15:11.465Z] [5912] Still waiting for server... (110s)
[2026-01-31T09:15:20.425Z] [4959] Still waiting for server... (130s)
[2026-01-31T09:15:21.623Z] [5912] Still waiting for server... (120s)
[2026-01-31T09:15:30.582Z] [4959] Still waiting for server... (140s)
[2026-01-31T09:15:31.781Z] [5912] Still waiting for server... (130s)
[2026-01-31T09:15:40.740Z] [4959] Still waiting for server... (150s)
[2026-01-31T09:15:41.939Z] [5912] Still waiting for server... (140s)
[2026-01-31T09:15:50.899Z] [4959] Still waiting for server... (160s)
[2026-01-31T09:15:52.097Z] [5912] Still waiting for server... (150s)
[2026-01-31T09:16:01.056Z] [4959] Still waiting for server... (170s)
[2026-01-31T09:16:02.256Z] [5912] Still waiting for server... (160s)
[2026-01-31T09:16:11.216Z] [4959] Still waiting for server... (180s)
[2026-01-31T09:16:12.233Z] [4959] Server startup timed out after 180s
[2026-01-31T09:16:12.236Z] Error: Timeout
[2026-01-31T09:16:12.396Z] [5912] Still waiting for server... (170s)
[2026-01-31T09:16:22.535Z] [5912] Still waiting for server... (180s)
[2026-01-31T09:16:23.553Z] [5912] Server startup timed out after 180s
[2026-01-31T09:26:31.930Z] Extracting ZIPs...
[2026-01-31T09:26:32.041Z] Starting servers in parallel...
[2026-01-31T09:26:32.049Z] [4222] Using shared node_modules for speed...
[2026-01-31T09:26:32.053Z] [5506] Using shared node_modules for speed...
[2026-01-31T09:26:32.057Z] [5506] Starting mockup backend on port 8000...
[2026-01-31T09:26:32.060Z] [4222] Starting mockup backend on port 8000...
[2026-01-31T09:26:34.089Z] [5506] Starting server...
[2026-01-31T09:26:34.134Z] [4222] Starting server...
[2026-01-31T09:28:19.972Z] [5506] Server ready at http://127.0.0.1:5506/NxtWave_Assisment
[2026-01-31T09:28:21.217Z] [4222] Server ready at http://127.0.0.1:4222/NxtWave_Assisment
[2026-01-31T09:28:21.305Z] Capturing Solution Screenshots...
[2026-01-31T09:29:17.629Z] Capturing Student Screenshots...
[2026-01-31T09:29:28.618Z] Comparing...
[2026-01-31T09:29:28.629Z] Checking files exist...
[2026-01-31T09:29:28.641Z] Reading img1: C:\Users\sivab\OneDrive\Desktop\VR_PROJECT\backend\temp\1769851591926\solution\screenshots\index.png
[2026-01-31T09:29:29.783Z] Reading img2: C:\Users\sivab\OneDrive\Desktop\VR_PROJECT\backend\temp\1769851591926\student\screenshots\index.png
[2026-01-31T09:29:30.143Z] Image dimensions: 1280x720
[2026-01-31T09:29:30.167Z] Running pixelmatch...
[2026-01-31T09:29:30.364Z] Similarity calculated: 100.00%
[2026-01-31T09:29:30.384Z] Comparison complete. Timings: {"extraction":"0.11s","rootDetection":"0.00s","serverStartup":"109.26s","screenshotCapture":"67.31s","imageComparison":"1.76s","overall":"178.45s"}
[2026-01-31T09:30:36.555Z] Extracting ZIPs...
[2026-01-31T09:30:36.641Z] Starting servers in parallel...
[2026-01-31T09:30:36.642Z] [4009] Using shared node_modules for speed...
[2026-01-31T09:30:36.643Z] [5062] Major version mismatch for react: Master (18) vs Student (19). Upgrading...
[2026-01-31T09:30:36.644Z] [5062] Major version mismatch for react-dom: Master (18) vs Student (19). Upgrading...
[2026-01-31T09:30:36.644Z] [5062] Major version mismatch for @testing-library/jest-dom: Master (5) vs Student (6). Upgrading...
[2026-01-31T09:30:36.645Z] [5062] Major version mismatch for @testing-library/react: Master (13) vs Student (16). Upgrading...
[2026-01-31T09:30:36.646Z] [5062] Major version mismatch for @testing-library/user-event: Master (13) vs Student (14). Upgrading...
[2026-01-31T09:30:36.646Z] [5062] Major version mismatch for @vitejs/plugin-react: Master (5) vs Student (4). Upgrading...
[2026-01-31T09:30:36.647Z] [5062] Major version mismatch for eslint-plugin-react-hooks: Master (7) vs Student (5). Upgrading...
[2026-01-31T09:30:36.648Z] [5062] Major version mismatch for globals: Master (17) vs Student (16). Upgrading...
[2026-01-31T09:30:36.648Z] [5062] Major version mismatch for jest: Master (26) vs Student (30). Upgrading...
[2026-01-31T09:30:36.649Z] [5062] Major version mismatch for jsdom: Master (27) vs Student (26). Upgrading...
[2026-01-31T09:30:36.649Z] [5062] Major version mismatch for vitest: Master (4) vs Student (3). Upgrading...
[2026-01-31T09:30:36.650Z] [5062] Learning/Upgrading dependencies: react@19.1.0, react-dom@19.1.0, @testing-library/jest-dom@6.6.3, @testing-library/react@16.3.0, @testing-library/user-event@14.6.1, @vitejs/plugin-react@4.6.0, eslint-plugin-react-hooks@5.2.0, globals@16.3.0, jest@30.0.4, jsdom@26.1.0, vitest@3.2.4...
[2026-01-31T09:30:36.669Z] [4009] Starting mockup backend on port 8000...
[2026-01-31T09:30:38.677Z] [4009] Starting server...
[2026-01-31T09:30:47.839Z] [4009] Still waiting for server... (10s)
[2026-01-31T09:31:35.284Z] [5062] Update complete. Result code: 0
[2026-01-31T09:31:35.292Z] [5062] Using shared node_modules for speed...
[2026-01-31T09:31:35.302Z] [5062] Starting server...
[2026-01-31T09:31:39.440Z] [5062] Server ready at http://127.0.0.1:5062
[2026-01-31T09:31:47.808Z] [4009] Server ready at http://127.0.0.1:4009/NxtWave_Assisment
[2026-01-31T09:31:47.812Z] Capturing Solution Screenshots...
[2026-01-31T09:31:59.398Z] Capturing Student Screenshots...
[2026-01-31T09:32:05.394Z] Comparing...
[2026-01-31T09:32:05.396Z] Checking files exist...
[2026-01-31T09:32:05.397Z] Reading img1: C:\Users\sivab\OneDrive\Desktop\VR_PROJECT\backend\temp\1769851836549\solution\screenshots\index.png
[2026-01-31T09:32:05.505Z] Reading img2: C:\Users\sivab\OneDrive\Desktop\VR_PROJECT\backend\temp\1769851836549\student\screenshots\index.png
[2026-01-31T09:32:05.670Z] Image dimensions: 1280x720
[2026-01-31T09:32:05.676Z] Running pixelmatch...
[2026-01-31T09:32:06.460Z] Similarity calculated: 10.24%
[2026-01-31T09:32:06.462Z] Comparison complete. Timings: {"extraction":"0.08s","rootDetection":"0.00s","serverStartup":"71.17s","screenshotCapture":"17.58s","imageComparison":"1.07s","overall":"89.91s"}
[2026-01-31T09:34:58.722Z] Extracting ZIPs...
[2026-01-31T09:34:58.829Z] Starting servers in parallel...
[2026-01-31T09:34:58.833Z] [4368] Major version mismatch for @testing-library/jest-dom: Master (6) vs Student (5). Upgrading...
[2026-01-31T09:34:58.833Z] [4368] Major version mismatch for @testing-library/react: Master (16) vs Student (13). Upgrading...
[2026-01-31T09:34:58.834Z] [4368] Major version mismatch for @testing-library/user-event: Master (14) vs Student (13). Upgrading...
[2026-01-31T09:34:58.835Z] [4368] Major version mismatch for react: Master (19) vs Student (18). Upgrading...
[2026-01-31T09:34:58.837Z] [4368] Major version mismatch for react-dom: Master (19) vs Student (18). Upgrading...
[2026-01-31T09:34:58.839Z] [4368] Learning/Upgrading dependencies: @testing-library/jest-dom@5.17.0, @testing-library/react@13.4.0, @testing-library/user-event@13.5.0, react@18.2.0, react-dom@18.2.0...
[2026-01-31T09:34:58.869Z] [5256] Using shared node_modules for speed...
[2026-01-31T09:34:58.877Z] [5256] Starting server...
[2026-01-31T09:35:00.999Z] [5256] Server ready at http://127.0.0.1:5256
[2026-01-31T09:35:09.240Z] [4368] Update complete. Result code: 0
[2026-01-31T09:35:09.241Z] [4368] Using shared node_modules for speed...
[2026-01-31T09:35:09.245Z] [4368] Starting mockup backend on port 8000...
[2026-01-31T09:35:11.273Z] [4368] Starting server...
[2026-01-31T09:35:57.290Z] [4368] Server ready at http://127.0.0.1:4368/NxtWave_Assisment
[2026-01-31T09:35:57.293Z] Capturing Solution Screenshots...
[2026-01-31T09:35:58.268Z] Navigating to http://127.0.0.1:4368/NxtWave_Assisment/...
[2026-01-31T09:36:03.733Z] Capturing Student Screenshots...
[2026-01-31T09:36:04.098Z] Navigating to http://127.0.0.1:5256/...
[2026-01-31T09:36:07.835Z] Comparing...
[2026-01-31T09:36:08.756Z] Similarity calculated: 0.56% (Dimensions: 1280x800)
[2026-01-31T09:36:08.761Z] Comparison complete. Timings: {"extraction":"0.10s","rootDetection":"0.01s","serverStartup":"58.46s","screenshotCapture":"10.54s","imageComparison":"0.93s","overall":"70.04s"}
[2026-01-31T09:36:50.885Z] Extracting ZIPs...
[2026-01-31T09:36:50.967Z] Starting servers in parallel...
[2026-01-31T09:36:50.969Z] [4403] Using shared node_modules for speed...
[2026-01-31T09:36:50.970Z] [5841] Using shared node_modules for speed...
[2026-01-31T09:36:50.973Z] [4403] Starting mockup backend on port 8000...
[2026-01-31T09:36:50.974Z] [5841] Starting mockup backend on port 8000...
[2026-01-31T09:36:52.985Z] [4403] Starting server...
[2026-01-31T09:36:53.010Z] [5841] Starting server...
[2026-01-31T09:37:43.296Z] [4403] Server ready at http://127.0.0.1:4403/NxtWave_Assisment
[2026-01-31T09:37:43.993Z] [5841] Server ready at http://127.0.0.1:5841/NxtWave_Assisment
[2026-01-31T09:37:44.001Z] Capturing Solution Screenshots...
[2026-01-31T09:37:47.032Z] Navigating to http://127.0.0.1:4403/NxtWave_Assisment/...
[2026-01-31T09:37:54.060Z] Capturing Student Screenshots...
[2026-01-31T09:37:54.612Z] Navigating to http://127.0.0.1:5841/NxtWave_Assisment/...
[2026-01-31T09:38:00.798Z] Comparing...
[2026-01-31T09:38:01.668Z] Similarity calculated: 100.00% (Dimensions: 1280x800)
[2026-01-31T09:38:01.669Z] Comparison complete. Timings: {"extraction":"0.08s","rootDetection":"0.00s","serverStartup":"53.03s","screenshotCapture":"16.79s","imageComparison":"0.87s","overall":"70.79s"}
[2026-01-31T09:44:17.298Z] Extracting ZIPs...
[2026-01-31T09:44:17.386Z] Starting servers in parallel...
[2026-01-31T09:44:17.391Z] [4478] Major version mismatch for react-icons: Master (4) vs Student (5). Upgrading...
[2026-01-31T09:44:17.392Z] [4478] Major version mismatch for vite: Master (7) vs Student (5). Upgrading...
[2026-01-31T09:44:17.393Z] [4478] Learning/Upgrading dependencies: react-icons@5.5.0, vite@5.0.0...
[2026-01-31T09:44:17.414Z] [5411] Major version mismatch for react-icons: Master (4) vs Student (5). Upgrading...
[2026-01-31T09:44:17.415Z] [5411] Major version mismatch for vite: Master (7) vs Student (5). Upgrading...
[2026-01-31T09:44:28.136Z] [4478] Update complete. Result code: 0
[2026-01-31T09:44:28.137Z] [4478] Using shared node_modules for speed...
[2026-01-31T09:44:28.142Z] [4478] Starting server...
[2026-01-31T09:44:28.536Z] [5411] Learning/Upgrading dependencies: react-icons@5.5.0, vite@5.0.0...
[2026-01-31T09:44:30.212Z] [4478] Server ready at http://127.0.0.1:4478
[2026-01-31T09:44:34.060Z] [5411] Update complete. Result code: 0
[2026-01-31T09:44:34.061Z] [5411] Using shared node_modules for speed...
[2026-01-31T09:44:34.063Z] [5411] Starting server...
[2026-01-31T09:44:35.364Z] [5411] Server ready at http://127.0.0.1:5411
[2026-01-31T09:44:35.366Z] Capturing Solution Screenshots...
[2026-01-31T09:44:35.757Z] Navigating to http://127.0.0.1:4478/...
[2026-01-31T09:44:38.349Z] Capturing Student Screenshots...
[2026-01-31T09:44:38.534Z] Navigating to http://127.0.0.1:5411/...
[2026-01-31T09:44:40.957Z] Comparing...
[2026-01-31T09:44:41.231Z] Similarity calculated: 100.00% (Dimensions: 1280x800)
[2026-01-31T09:44:41.232Z] Comparison complete. Timings: {"extraction":"0.09s","rootDetection":"0.00s","serverStartup":"17.98s","screenshotCapture":"5.59s","imageComparison":"0.27s","overall":"23.93s"}
[2026-01-31T09:45:52.780Z] Extracting ZIPs...
[2026-01-31T09:45:52.894Z] Starting servers in parallel...
[2026-01-31T09:45:52.897Z] [4908] Major version mismatch for @testing-library/jest-dom: Master (5) vs Student (6). Upgrading...
[2026-01-31T09:45:52.897Z] [4908] Major version mismatch for @testing-library/react: Master (13) vs Student (16). Upgrading...
[2026-01-31T09:45:52.898Z] [4908] Learning/Upgrading dependencies: @emotion/react@11.10.6, @emotion/styled@11.10.6, @mui/icons-material@5.11.0, @mui/material@5.11.0, @mui/x-data-grid@5.17.26, @testing-library/dom@10.4.0, @testing-library/jest-dom@6.6.3, @testing-library/react@16.3.0...
[2026-01-31T09:45:52.914Z] [5840] Major version mismatch for @testing-library/jest-dom: Master (5) vs Student (6). Upgrading...
[2026-01-31T09:45:52.915Z] [5840] Major version mismatch for @testing-library/react: Master (13) vs Student (16). Upgrading...
[2026-01-31T09:47:33.790Z] [4908] Update complete. Result code: 0
[2026-01-31T09:47:33.792Z] [4908] Using shared node_modules for speed...
[2026-01-31T09:47:33.804Z] [4908] Starting server...
[2026-01-31T09:47:33.864Z] [5840] Learning/Upgrading dependencies: @emotion/react@11.10.6, @emotion/styled@11.10.6, @mui/icons-material@5.11.0, @mui/material@5.11.0, @mui/x-data-grid@5.17.26, @testing-library/dom@10.4.0, @testing-library/jest-dom@6.6.3, @testing-library/react@16.3.0...
[2026-01-31T09:47:45.393Z] [5840] Update complete. Result code: 0
[2026-01-31T09:47:45.394Z] [5840] Using shared node_modules for speed...
[2026-01-31T09:47:45.398Z] [5840] Starting server...
[2026-01-31T09:48:39.611Z] [4908] Server ready at http://127.0.0.1:4908
[2026-01-31T09:48:51.456Z] [5840] Server ready at http://127.0.0.1:5840
[2026-01-31T09:48:51.500Z] Capturing Solution Screenshots...
[2026-01-31T09:48:54.727Z] Navigating to http://127.0.0.1:4908/...
[2026-01-31T09:49:00.445Z] Capturing Student Screenshots...
[2026-01-31T09:49:00.803Z] Navigating to http://127.0.0.1:5840/...
[2026-01-31T09:49:04.819Z] Comparing...
[2026-01-31T09:49:05.448Z] Similarity calculated: 100.00% (Dimensions: 1280x800)
[2026-01-31T09:49:05.452Z] Comparison complete. Timings: {"extraction":"0.11s","rootDetection":"0.00s","serverStartup":"178.60s","screenshotCapture":"13.32s","imageComparison":"0.63s","overall":"192.67s"}
[2026-01-31T09:54:36.771Z] Extracting ZIPs...
[2026-01-31T09:54:37.023Z] Starting servers in parallel...
[2026-01-31T09:54:37.024Z] Starting Solution server...
[2026-01-31T09:54:37.032Z] [4053] Using shared node_modules for speed...
[2026-01-31T09:54:37.036Z] [4053] Starting server...
[2026-01-31T09:54:39.039Z] Starting Student server...
[2026-01-31T09:54:39.044Z] [5773] Using shared node_modules for speed...
[2026-01-31T09:54:39.049Z] [5773] Starting server...
[2026-01-31T09:55:29.355Z] [4053] Server ready at http://127.0.0.1:4053
[2026-01-31T09:55:29.392Z] [5773] Server ready at http://127.0.0.1:5773
[2026-01-31T09:55:29.401Z] Capturing Solution Screenshots...
[2026-01-31T09:55:31.175Z] Navigating to http://127.0.0.1:4053/...
[2026-01-31T09:55:37.613Z] Capturing Student Screenshots...
[2026-01-31T09:55:38.041Z] Navigating to http://127.0.0.1:5773/...
[2026-01-31T09:55:42.176Z] Comparing...
[2026-01-31T09:55:43.039Z] Similarity calculated: 100.00% (Dimensions: 1280x800)
[2026-01-31T09:55:43.042Z] Comparison complete. Timings: {"extraction":"0.23s","rootDetection":"0.02s","serverStartup":"52.37s","screenshotCapture":"12.78s","imageComparison":"0.86s","overall":"66.27s"}
[2026-01-31T09:58:52.193Z] Extracting ZIPs...
[2026-01-31T09:58:52.285Z] Starting servers in parallel...
[2026-01-31T09:58:52.287Z] Starting Solution server...
[2026-01-31T09:58:52.290Z] [4451] Using shared node_modules for speed...
[2026-01-31T09:58:52.294Z] [4451] Starting server...
[2026-01-31T09:58:54.298Z] Starting Student server...
[2026-01-31T09:58:54.304Z] [5211] Major version mismatch for @testing-library/jest-dom: Master (6) vs Student (5). Upgrading...
[2026-01-31T09:58:54.306Z] [5211] Major version mismatch for @testing-library/react: Master (16) vs Student (13). Upgrading...
[2026-01-31T09:58:54.307Z] [5211] Major version mismatch for react-icons: Master (5) vs Student (4). Upgrading...
[2026-01-31T09:58:54.309Z] [5211] Learning/Upgrading dependencies: @testing-library/jest-dom@5.17.0, @testing-library/react@13.4.0, react-icons@4.10.1...
[2026-01-31T09:58:56.448Z] [4451] Server ready at http://127.0.0.1:4451
[2026-01-31T09:59:05.487Z] [5211] Update complete. Result code: 0
[2026-01-31T09:59:05.488Z] [5211] Using shared node_modules for speed...
[2026-01-31T09:59:05.490Z] [5211] Starting mockup backend on port 8000...
[2026-01-31T09:59:07.522Z] [5211] Starting server...
[2026-01-31T09:59:40.409Z] [5211] Server ready at http://127.0.0.1:5211/NxtWave_Assisment
[2026-01-31T09:59:40.414Z] Capturing Solution Screenshots...
[2026-01-31T09:59:41.597Z] Navigating to http://127.0.0.1:4451/...
[2026-01-31T09:59:44.829Z] Capturing Student Screenshots...
[2026-01-31T09:59:45.182Z] Navigating to http://127.0.0.1:5211/NxtWave_Assisment/...
[2026-01-31T09:59:49.531Z] Comparing...
[2026-01-31T09:59:50.558Z] Similarity calculated: 0.27% (Dimensions: 1280x800)
[2026-01-31T09:59:50.561Z] Comparison complete. Timings: {"extraction":"0.09s","rootDetection":"0.00s","serverStartup":"48.13s","screenshotCapture":"9.12s","imageComparison":"1.03s","overall":"58.37s"}
[2026-01-31T10:03:24.568Z] Extracting ZIPs...
[2026-01-31T10:03:24.718Z] Starting servers in parallel...
[2026-01-31T10:03:24.724Z] [4467] Major version mismatch for @testing-library/jest-dom: Master (5) vs Student (6). Upgrading...
[2026-01-31T10:03:24.725Z] [4467] Major version mismatch for @testing-library/react: Master (13) vs Student (16). Upgrading...
[2026-01-31T10:03:24.726Z] [4467] Learning/Upgrading dependencies: @testing-library/jest-dom@6.6.3, @testing-library/react@16.3.0...
[2026-01-31T10:03:24.760Z] [5740] Using shared node_modules for speed...
[2026-01-31T10:03:24.766Z] [5740] Starting mockup backend on port 8000...
[2026-01-31T10:03:26.796Z] [5740] Starting server...
[2026-01-31T10:03:32.489Z] [4467] Update complete. Result code: 0
[2026-01-31T10:03:32.490Z] [4467] Using shared node_modules for speed...
[2026-01-31T10:03:32.493Z] [4467] Starting server...
[2026-01-31T10:04:13.661Z] [5740] Server ready at http://127.0.0.1:5740/NxtWave_Assisment
[2026-01-31T10:04:24.218Z] [4467] Server ready at http://127.0.0.1:4467
[2026-01-31T10:04:24.225Z] Capturing Solution Screenshots...
[2026-01-31T10:04:26.579Z] Navigating to http://127.0.0.1:4467/...
[2026-01-31T10:04:32.894Z] Capturing Student Screenshots...
[2026-01-31T10:04:33.516Z] Navigating to http://127.0.0.1:5740/NxtWave_Assisment/...
[2026-01-31T10:04:39.342Z] Comparing...
[2026-01-31T10:04:40.614Z] Similarity calculated: 84.32% (Dimensions: 1280x800)
[2026-01-31T10:04:40.617Z] Comparison complete. Timings: {"extraction":"0.15s","rootDetection":"0.01s","serverStartup":"59.51s","screenshotCapture":"15.12s","imageComparison":"1.28s","overall":"76.05s"}
[2026-01-31T10:06:08.017Z] Extracting ZIPs...
[2026-01-31T10:06:08.126Z] Starting servers in parallel...
[2026-01-31T10:06:08.128Z] [4579] Major version mismatch for @testing-library/jest-dom: Master (6) vs Student (5). Upgrading...
[2026-01-31T10:06:08.130Z] [4579] Major version mismatch for @testing-library/react: Master (16) vs Student (13). Upgrading...
[2026-01-31T10:06:08.131Z] [4579] Learning/Upgrading dependencies: @fortawesome/free-regular-svg-icons@6.5.1, @fortawesome/free-solid-svg-icons@6.5.1, @fortawesome/react-fontawesome@0.2.0, @testing-library/jest-dom@5.17.0, @testing-library/react@13.4.0, leaflet@1.9.4, react-leaflet@4.2.1...
[2026-01-31T10:06:08.150Z] [5876] Using shared node_modules for speed...
[2026-01-31T10:06:08.152Z] [5876] Starting server...
[2026-01-31T10:06:42.632Z] [4579] Update complete. Result code: 0
[2026-01-31T10:06:42.635Z] [4579] Using shared node_modules for speed...
[2026-01-31T10:06:42.639Z] [4579] Starting server...
[2026-01-31T10:07:09.259Z] [4579] Server ready at http://127.0.0.1:4579
[2026-01-31T10:07:11.186Z] [5876] Server ready at http://127.0.0.1:5876
[2026-01-31T10:07:11.189Z] Capturing Solution Screenshots...
[2026-01-31T10:07:11.824Z] Navigating to http://127.0.0.1:4579/...
[2026-01-31T10:07:16.316Z] Capturing Student Screenshots...
[2026-01-31T10:07:16.679Z] Navigating to http://127.0.0.1:5876/...
[2026-01-31T10:07:20.769Z] Comparing...
[2026-01-31T10:07:21.407Z] compareImages error: img.bitblt is not a function
[2026-01-31T10:07:21.411Z] Comparison complete. Timings: {"extraction":"0.11s","rootDetection":"0.00s","serverStartup":"63.06s","screenshotCapture":"9.58s","imageComparison":"0.64s","overall":"73.39s"}
[2026-01-31T10:08:19.124Z] Extracting ZIPs...
[2026-01-31T10:08:19.215Z] Starting servers in parallel...
[2026-01-31T10:08:19.218Z] [4610] Using shared node_modules for speed...
[2026-01-31T10:08:19.219Z] [5337] Using shared node_modules for speed...
[2026-01-31T10:08:19.221Z] [5337] Starting server...
[2026-01-31T10:08:19.228Z] [4610] Starting server...
[2026-01-31T10:08:45.508Z] [4610] Server ready at http://127.0.0.1:4610
[2026-01-31T10:08:45.528Z] [5337] Server ready at http://127.0.0.1:5337
[2026-01-31T10:08:45.530Z] Capturing Solution Screenshots...
[2026-01-31T10:08:45.968Z] Navigating to http://127.0.0.1:4610/...
[2026-01-31T10:08:50.385Z] Capturing Student Screenshots...
[2026-01-31T10:08:50.752Z] Navigating to http://127.0.0.1:5337/...
[2026-01-31T10:08:55.059Z] Comparing...
[2026-01-31T10:08:57.038Z] Similarity calculated: 100.00% (Dimensions: 1330x2391)
[2026-01-31T10:08:57.040Z] Comparison complete. Timings: {"extraction":"0.09s","rootDetection":"0.00s","serverStartup":"26.31s","screenshotCapture":"9.53s","imageComparison":"1.98s","overall":"37.92s"}
